[2.067s] Invoking command in '/home/ak/cep_ws/src/rover_rectangular': DEBUGINFOD_URLS=https://debuginfod.ubuntu.com PYTHONPATH=/home/ak/cep_ws/build/rover_rectangular/prefix_override:/usr/lib/python3/dist-packages/colcon_core/task/python/colcon_distutils_commands:/home/ak/cep_ws/install/rover_rectangular/lib/python3.12/site-packages:${PYTHONPATH} /usr/bin/python3 -W ignore:setup.py install is deprecated -W ignore:easy_install command is deprecated setup.py egg_info --egg-base ../../build/rover_rectangular build --build-base /home/ak/cep_ws/build/rover_rectangular/build install --record /home/ak/cep_ws/build/rover_rectangular/install.log --single-version-externally-managed install_data
[2.696s] running egg_info
[2.742s] writing ../../build/rover_rectangular/rover_rectangular.egg-info/PKG-INFO
[2.742s] writing dependency_links to ../../build/rover_rectangular/rover_rectangular.egg-info/dependency_links.txt
[2.742s] writing entry points to ../../build/rover_rectangular/rover_rectangular.egg-info/entry_points.txt
[2.743s] writing requirements to ../../build/rover_rectangular/rover_rectangular.egg-info/requires.txt
[2.743s] writing top-level names to ../../build/rover_rectangular/rover_rectangular.egg-info/top_level.txt
[2.837s] reading manifest file '../../build/rover_rectangular/rover_rectangular.egg-info/SOURCES.txt'
[2.839s] writing manifest file '../../build/rover_rectangular/rover_rectangular.egg-info/SOURCES.txt'
[2.839s] running build
[2.840s] running build_py
[2.840s] copying rover_rectangular/arm_osc.py -> /home/ak/cep_ws/build/rover_rectangular/build/lib/rover_rectangular
[2.840s] running install
[2.852s] running install_lib
[2.902s] copying /home/ak/cep_ws/build/rover_rectangular/build/lib/rover_rectangular/arm_osc.py -> /home/ak/cep_ws/install/rover_rectangular/lib/python3.12/site-packages/rover_rectangular
[2.903s] byte-compiling /home/ak/cep_ws/install/rover_rectangular/lib/python3.12/site-packages/rover_rectangular/arm_osc.py to arm_osc.cpython-312.pyc
[2.905s] running install_data
[2.905s] running install_egg_info
[2.956s] removing '/home/ak/cep_ws/install/rover_rectangular/lib/python3.12/site-packages/rover_rectangular-0.0.0-py3.12.egg-info' (and everything under it)
[2.956s] Copying ../../build/rover_rectangular/rover_rectangular.egg-info to /home/ak/cep_ws/install/rover_rectangular/lib/python3.12/site-packages/rover_rectangular-0.0.0-py3.12.egg-info
[2.958s] running install_scripts
[3.326s] Installing Rectangular_node script to /home/ak/cep_ws/install/rover_rectangular/lib/rover_rectangular
[3.326s] Installing arm_oscillator script to /home/ak/cep_ws/install/rover_rectangular/lib/rover_rectangular
[3.327s] Installing manipulator_node script to /home/ak/cep_ws/install/rover_rectangular/lib/rover_rectangular
[3.327s] Installing rectangle_pid_tf script to /home/ak/cep_ws/install/rover_rectangular/lib/rover_rectangular
[3.328s] writing list of installed files to '/home/ak/cep_ws/build/rover_rectangular/install.log'
[3.399s] Invoked command in '/home/ak/cep_ws/src/rover_rectangular' returned '0': DEBUGINFOD_URLS=https://debuginfod.ubuntu.com PYTHONPATH=/home/ak/cep_ws/build/rover_rectangular/prefix_override:/usr/lib/python3/dist-packages/colcon_core/task/python/colcon_distutils_commands:/home/ak/cep_ws/install/rover_rectangular/lib/python3.12/site-packages:${PYTHONPATH} /usr/bin/python3 -W ignore:setup.py install is deprecated -W ignore:easy_install command is deprecated setup.py egg_info --egg-base ../../build/rover_rectangular build --build-base /home/ak/cep_ws/build/rover_rectangular/build install --record /home/ak/cep_ws/build/rover_rectangular/install.log --single-version-externally-managed install_data
