[0.016s] Invoking command in '/home/ak/cep_ws/build/robot_description': CMAKE_PREFIX_PATH=${CMAKE_PREFIX_PATH}:/home/ak/cep_ws/install/rover_rectangular:/home/ak/ros2_ws/install/my_robot_controller:/opt/ros/jazzy DEBUGINFOD_URLS=https://debuginfod.ubuntu.com /usr/bin/cmake --build /home/ak/cep_ws/build/robot_description -- -j8 -l8
[0.058s] -- Found ament_cmake: 2.5.5 (/opt/ros/jazzy/share/ament_cmake/cmake)
[0.566s] -- Found ament_lint_auto: 0.17.4 (/opt/ros/jazzy/share/ament_lint_auto/cmake)
[0.713s] -- Added test 'flake8' to check Python code syntax and style conventions
[0.713s] -- Configured 'flake8' exclude dirs and/or files: 
[0.714s] -- Added test 'lint_cmake' to check CMake code style
[0.714s] -- Added test 'pep257' to check Python code against some of the docstring style conventions in PEP 257
[0.716s] -- Added test 'xmllint' to check XML markup files
[0.717s] -- Configuring done (0.7s)
[0.722s] -- Generating done (0.0s)
[0.725s] -- Build files have been written to: /home/ak/cep_ws/build/robot_description
[0.760s] Invoked command in '/home/ak/cep_ws/build/robot_description' returned '0': CMAKE_PREFIX_PATH=${CMAKE_PREFIX_PATH}:/home/ak/cep_ws/install/rover_rectangular:/home/ak/ros2_ws/install/my_robot_controller:/opt/ros/jazzy DEBUGINFOD_URLS=https://debuginfod.ubuntu.com /usr/bin/cmake --build /home/ak/cep_ws/build/robot_description -- -j8 -l8
[0.776s] Invoking command in '/home/ak/cep_ws/build/robot_description': CMAKE_PREFIX_PATH=${CMAKE_PREFIX_PATH}:/home/ak/cep_ws/install/rover_rectangular:/home/ak/ros2_ws/install/my_robot_controller:/opt/ros/jazzy DEBUGINFOD_URLS=https://debuginfod.ubuntu.com /usr/bin/cmake --install /home/ak/cep_ws/build/robot_description
[0.790s] -- Install configuration: ""
[0.790s] -- Installing: /home/ak/cep_ws/install/robot_description/share/robot_description/launch
[0.790s] -- Installing: /home/ak/cep_ws/install/robot_description/share/robot_description/launch/display.launch.py
[0.790s] -- Installing: /home/ak/cep_ws/install/robot_description/share/robot_description/urdf
[0.790s] -- Installing: /home/ak/cep_ws/install/robot_description/share/robot_description/urdf/rover.urdf.xacro
[0.790s] -- Installing: /home/ak/cep_ws/install/robot_description/share/robot_description/urdf/rover.xacro
[0.791s] -- Up-to-date: /home/ak/cep_ws/install/robot_description/share/ament_index/resource_index/package_run_dependencies/robot_description
[0.791s] -- Up-to-date: /home/ak/cep_ws/install/robot_description/share/ament_index/resource_index/parent_prefix_path/robot_description
[0.791s] -- Up-to-date: /home/ak/cep_ws/install/robot_description/share/robot_description/environment/ament_prefix_path.sh
[0.791s] -- Up-to-date: /home/ak/cep_ws/install/robot_description/share/robot_description/environment/ament_prefix_path.dsv
[0.791s] -- Up-to-date: /home/ak/cep_ws/install/robot_description/share/robot_description/environment/path.sh
[0.791s] -- Up-to-date: /home/ak/cep_ws/install/robot_description/share/robot_description/environment/path.dsv
[0.791s] -- Up-to-date: /home/ak/cep_ws/install/robot_description/share/robot_description/local_setup.bash
[0.791s] -- Up-to-date: /home/ak/cep_ws/install/robot_description/share/robot_description/local_setup.sh
[0.792s] -- Up-to-date: /home/ak/cep_ws/install/robot_description/share/robot_description/local_setup.zsh
[0.792s] -- Up-to-date: /home/ak/cep_ws/install/robot_description/share/robot_description/local_setup.dsv
[0.792s] -- Installing: /home/ak/cep_ws/install/robot_description/share/robot_description/package.dsv
[0.792s] -- Up-to-date: /home/ak/cep_ws/install/robot_description/share/ament_index/resource_index/packages/robot_description
[0.792s] -- Up-to-date: /home/ak/cep_ws/install/robot_description/share/robot_description/cmake/robot_descriptionConfig.cmake
[0.792s] -- Up-to-date: /home/ak/cep_ws/install/robot_description/share/robot_description/cmake/robot_descriptionConfig-version.cmake
[0.792s] -- Up-to-date: /home/ak/cep_ws/install/robot_description/share/robot_description/package.xml
[0.794s] Invoked command in '/home/ak/cep_ws/build/robot_description' returned '0': CMAKE_PREFIX_PATH=${CMAKE_PREFIX_PATH}:/home/ak/cep_ws/install/rover_rectangular:/home/ak/ros2_ws/install/my_robot_controller:/opt/ros/jazzy DEBUGINFOD_URLS=https://debuginfod.ubuntu.com /usr/bin/cmake --install /home/ak/cep_ws/build/robot_description
