[0.016s] Invoking command in '/home/ak/cep_ws/build/robot_description': CMAKE_PREFIX_PATH=${CMAKE_PREFIX_PATH}:/home/ak/cep_ws/install/rover_rectangular:/home/ak/ros2_ws/install/my_robot_controller:/opt/ros/jazzy DEBUGINFOD_URLS=https://debuginfod.ubuntu.com /usr/bin/cmake --build /home/ak/cep_ws/build/robot_description -- -j8 -l8
[0.059s] -- Found ament_cmake: 2.5.5 (/opt/ros/jazzy/share/ament_cmake/cmake)
[0.389s] -- Found ament_lint_auto: 0.17.4 (/opt/ros/jazzy/share/ament_lint_auto/cmake)
[0.522s] -- Added test 'flake8' to check Python code syntax and style conventions
[0.523s] -- Configured 'flake8' exclude dirs and/or files: 
[0.523s] -- Added test 'lint_cmake' to check CMake code style
[0.524s] -- Added test 'pep257' to check Python code against some of the docstring style conventions in PEP 257
[0.525s] -- Added test 'xmllint' to check XML markup files
[0.526s] -- Configuring done (0.5s)
[0.531s] -- Generating done (0.0s)
[0.533s] -- Build files have been written to: /home/ak/cep_ws/build/robot_description
[0.568s] Invoked command in '/home/ak/cep_ws/build/robot_description' returned '0': CMAKE_PREFIX_PATH=${CMAKE_PREFIX_PATH}:/home/ak/cep_ws/install/rover_rectangular:/home/ak/ros2_ws/install/my_robot_controller:/opt/ros/jazzy DEBUGINFOD_URLS=https://debuginfod.ubuntu.com /usr/bin/cmake --build /home/ak/cep_ws/build/robot_description -- -j8 -l8
[0.584s] Invoking command in '/home/ak/cep_ws/build/robot_description': CMAKE_PREFIX_PATH=${CMAKE_PREFIX_PATH}:/home/ak/cep_ws/install/rover_rectangular:/home/ak/ros2_ws/install/my_robot_controller:/opt/ros/jazzy DEBUGINFOD_URLS=https://debuginfod.ubuntu.com /usr/bin/cmake --install /home/ak/cep_ws/build/robot_description
[0.599s] -- Install configuration: ""
[0.599s] -- Installing: /home/ak/cep_ws/install/robot_description/share//launch
[0.600s] -- Installing: /home/ak/cep_ws/install/robot_description/share//launch/display.launch.py
[0.600s] -- Installing: /home/ak/cep_ws/install/robot_description/share//urdf
[0.600s] -- Installing: /home/ak/cep_ws/install/robot_description/share//urdf/rover.urdf.xacro
[0.600s] -- Installing: /home/ak/cep_ws/install/robot_description/share//urdf/rover.xacro
[0.600s] -- Up-to-date: /home/ak/cep_ws/install/robot_description/share/ament_index/resource_index/package_run_dependencies/robot_description
[0.600s] -- Installing: /home/ak/cep_ws/install/robot_description/share/ament_index/resource_index/parent_prefix_path/robot_description
[0.601s] -- Up-to-date: /home/ak/cep_ws/install/robot_description/share/robot_description/environment/ament_prefix_path.sh
[0.601s] -- Up-to-date: /home/ak/cep_ws/install/robot_description/share/robot_description/environment/ament_prefix_path.dsv
[0.601s] -- Up-to-date: /home/ak/cep_ws/install/robot_description/share/robot_description/environment/path.sh
[0.601s] -- Up-to-date: /home/ak/cep_ws/install/robot_description/share/robot_description/environment/path.dsv
[0.601s] -- Up-to-date: /home/ak/cep_ws/install/robot_description/share/robot_description/local_setup.bash
[0.601s] -- Up-to-date: /home/ak/cep_ws/install/robot_description/share/robot_description/local_setup.sh
[0.602s] -- Up-to-date: /home/ak/cep_ws/install/robot_description/share/robot_description/local_setup.zsh
[0.602s] -- Up-to-date: /home/ak/cep_ws/install/robot_description/share/robot_description/local_setup.dsv
[0.602s] -- Up-to-date: /home/ak/cep_ws/install/robot_description/share/robot_description/package.dsv
[0.602s] -- Up-to-date: /home/ak/cep_ws/install/robot_description/share/ament_index/resource_index/packages/robot_description
[0.602s] -- Up-to-date: /home/ak/cep_ws/install/robot_description/share/robot_description/cmake/robot_descriptionConfig.cmake
[0.602s] -- Up-to-date: /home/ak/cep_ws/install/robot_description/share/robot_description/cmake/robot_descriptionConfig-version.cmake
[0.602s] -- Up-to-date: /home/ak/cep_ws/install/robot_description/share/robot_description/package.xml
[0.604s] Invoked command in '/home/ak/cep_ws/build/robot_description' returned '0': CMAKE_PREFIX_PATH=${CMAKE_PREFIX_PATH}:/home/ak/cep_ws/install/rover_rectangular:/home/ak/ros2_ws/install/my_robot_controller:/opt/ros/jazzy DEBUGINFOD_URLS=https://debuginfod.ubuntu.com /usr/bin/cmake --install /home/ak/cep_ws/build/robot_description
