[2.208s] Invoking command in '/home/ak/cep_ws/src/rover_rectangular': DEBUGINFOD_URLS=https://debuginfod.ubuntu.com PYTHONPATH=/home/ak/cep_ws/build/rover_rectangular/prefix_override:/usr/lib/python3/dist-packages/colcon_core/task/python/colcon_distutils_commands:/home/ak/cep_ws/install/rover_rectangular/lib/python3.12/site-packages:${PYTHONPATH} /usr/bin/python3 -W ignore:setup.py install is deprecated -W ignore:easy_install command is deprecated setup.py egg_info --egg-base ../../build/rover_rectangular build --build-base /home/ak/cep_ws/build/rover_rectangular/build install --record /home/ak/cep_ws/build/rover_rectangular/install.log --single-version-externally-managed install_data
[2.981s] running egg_info
[3.038s] writing ../../build/rover_rectangular/rover_rectangular.egg-info/PKG-INFO
[3.039s] writing dependency_links to ../../build/rover_rectangular/rover_rectangular.egg-info/dependency_links.txt
[3.039s] writing entry points to ../../build/rover_rectangular/rover_rectangular.egg-info/entry_points.txt
[3.040s] writing requirements to ../../build/rover_rectangular/rover_rectangular.egg-info/requires.txt
[3.040s] writing top-level names to ../../build/rover_rectangular/rover_rectangular.egg-info/top_level.txt
[3.140s] reading manifest file '../../build/rover_rectangular/rover_rectangular.egg-info/SOURCES.txt'
[3.142s] writing manifest file '../../build/rover_rectangular/rover_rectangular.egg-info/SOURCES.txt'
[3.142s] running build
[3.142s] running build_py
[3.143s] copying rover_rectangular/manipulator.py -> /home/ak/cep_ws/build/rover_rectangular/build/lib/rover_rectangular
[3.143s] running install
[3.162s] running install_lib
[3.218s] copying /home/ak/cep_ws/build/rover_rectangular/build/lib/rover_rectangular/manipulator.py -> /home/ak/cep_ws/install/rover_rectangular/lib/python3.12/site-packages/rover_rectangular
[3.219s] byte-compiling /home/ak/cep_ws/install/rover_rectangular/lib/python3.12/site-packages/rover_rectangular/manipulator.py to manipulator.cpython-312.pyc
[3.221s] running install_data
[3.222s] running install_egg_info
[3.273s] removing '/home/ak/cep_ws/install/rover_rectangular/lib/python3.12/site-packages/rover_rectangular-0.0.0-py3.12.egg-info' (and everything under it)
[3.274s] Copying ../../build/rover_rectangular/rover_rectangular.egg-info to /home/ak/cep_ws/install/rover_rectangular/lib/python3.12/site-packages/rover_rectangular-0.0.0-py3.12.egg-info
[3.276s] running install_scripts
[3.596s] Installing Rectangular_node script to /home/ak/cep_ws/install/rover_rectangular/lib/rover_rectangular
[3.596s] Installing arm_oscillator script to /home/ak/cep_ws/install/rover_rectangular/lib/rover_rectangular
[3.596s] Installing l_shape_node script to /home/ak/cep_ws/install/rover_rectangular/lib/rover_rectangular
[3.597s] Installing manipulator_node script to /home/ak/cep_ws/install/rover_rectangular/lib/rover_rectangular
[3.597s] Installing rectangle_pid_tf script to /home/ak/cep_ws/install/rover_rectangular/lib/rover_rectangular
[3.598s] writing list of installed files to '/home/ak/cep_ws/build/rover_rectangular/install.log'
[3.672s] Invoked command in '/home/ak/cep_ws/src/rover_rectangular' returned '0': DEBUGINFOD_URLS=https://debuginfod.ubuntu.com PYTHONPATH=/home/ak/cep_ws/build/rover_rectangular/prefix_override:/usr/lib/python3/dist-packages/colcon_core/task/python/colcon_distutils_commands:/home/ak/cep_ws/install/rover_rectangular/lib/python3.12/site-packages:${PYTHONPATH} /usr/bin/python3 -W ignore:setup.py install is deprecated -W ignore:easy_install command is deprecated setup.py egg_info --egg-base ../../build/rover_rectangular build --build-base /home/ak/cep_ws/build/rover_rectangular/build install --record /home/ak/cep_ws/build/rover_rectangular/install.log --single-version-externally-managed install_data
