[0.025s] Invoking command in '/home/ak/cep_ws/build/robot_description': CMAKE_PREFIX_PATH=${CMAKE_PREFIX_PATH}:/home/ak/cep_ws/install/rover_rectangular:/home/ak/ros2_ws/install/my_robot_controller:/opt/ros/jazzy DEBUGINFOD_URLS=https://debuginfod.ubuntu.com /usr/bin/cmake --build /home/ak/cep_ws/build/robot_description -- -j8 -l8
[0.364s] Invoked command in '/home/ak/cep_ws/build/robot_description' returned '0': CMAKE_PREFIX_PATH=${CMAKE_PREFIX_PATH}:/home/ak/cep_ws/install/rover_rectangular:/home/ak/ros2_ws/install/my_robot_controller:/opt/ros/jazzy DEBUGINFOD_URLS=https://debuginfod.ubuntu.com /usr/bin/cmake --build /home/ak/cep_ws/build/robot_description -- -j8 -l8
[0.384s] Invoking command in '/home/ak/cep_ws/build/robot_description': CMAKE_PREFIX_PATH=${CMAKE_PREFIX_PATH}:/home/ak/cep_ws/install/rover_rectangular:/home/ak/ros2_ws/install/my_robot_controller:/opt/ros/jazzy DEBUGINFOD_URLS=https://debuginfod.ubuntu.com /usr/bin/cmake --install /home/ak/cep_ws/build/robot_description
[0.403s] -- Install configuration: ""
[0.404s] -- Up-to-date: /home/ak/cep_ws/install/robot_description/share/robot_description/launch
[0.404s] -- Installing: /home/ak/cep_ws/install/robot_description/share/robot_description/launch/display.launch.py
[0.404s] -- Up-to-date: /home/ak/cep_ws/install/robot_description/share/robot_description/urdf
[0.405s] -- Up-to-date: /home/ak/cep_ws/install/robot_description/share/robot_description/urdf/rover.urdf.xacro
[0.405s] -- Up-to-date: /home/ak/cep_ws/install/robot_description/share/robot_description/urdf/manupilator.xacro
[0.405s] -- Up-to-date: /home/ak/cep_ws/install/robot_description/share/robot_description/urdf/rover.xacro
[0.406s] -- Up-to-date: /home/ak/cep_ws/install/robot_description/share/ament_index/resource_index/package_run_dependencies/robot_description
[0.406s] -- Up-to-date: /home/ak/cep_ws/install/robot_description/share/ament_index/resource_index/parent_prefix_path/robot_description
[0.406s] -- Up-to-date: /home/ak/cep_ws/install/robot_description/share/robot_description/environment/ament_prefix_path.sh
[0.407s] -- Up-to-date: /home/ak/cep_ws/install/robot_description/share/robot_description/environment/ament_prefix_path.dsv
[0.407s] -- Up-to-date: /home/ak/cep_ws/install/robot_description/share/robot_description/environment/path.sh
[0.407s] -- Up-to-date: /home/ak/cep_ws/install/robot_description/share/robot_description/environment/path.dsv
[0.407s] -- Up-to-date: /home/ak/cep_ws/install/robot_description/share/robot_description/local_setup.bash
[0.408s] -- Up-to-date: /home/ak/cep_ws/install/robot_description/share/robot_description/local_setup.sh
[0.408s] -- Up-to-date: /home/ak/cep_ws/install/robot_description/share/robot_description/local_setup.zsh
[0.409s] -- Up-to-date: /home/ak/cep_ws/install/robot_description/share/robot_description/local_setup.dsv
[0.409s] -- Installing: /home/ak/cep_ws/install/robot_description/share/robot_description/package.dsv
[0.410s] -- Up-to-date: /home/ak/cep_ws/install/robot_description/share/ament_index/resource_index/packages/robot_description
[0.411s] -- Up-to-date: /home/ak/cep_ws/install/robot_description/share/robot_description/cmake/robot_descriptionConfig.cmake
[0.411s] -- Up-to-date: /home/ak/cep_ws/install/robot_description/share/robot_description/cmake/robot_descriptionConfig-version.cmake
[0.412s] -- Up-to-date: /home/ak/cep_ws/install/robot_description/share/robot_description/package.xml
[0.412s] Invoked command in '/home/ak/cep_ws/build/robot_description' returned '0': CMAKE_PREFIX_PATH=${CMAKE_PREFIX_PATH}:/home/ak/cep_ws/install/rover_rectangular:/home/ak/ros2_ws/install/my_robot_controller:/opt/ros/jazzy DEBUGINFOD_URLS=https://debuginfod.ubuntu.com /usr/bin/cmake --install /home/ak/cep_ws/build/robot_description
