[2.038s] Invoking command in '/home/ak/cep_ws/src/rover_rectangular': DEBUGINFOD_URLS=https://debuginfod.ubuntu.com PYTHONPATH=/home/ak/cep_ws/build/rover_rectangular/prefix_override:/usr/lib/python3/dist-packages/colcon_core/task/python/colcon_distutils_commands:/home/ak/cep_ws/install/rover_rectangular/lib/python3.12/site-packages:${PYTHONPATH} /usr/bin/python3 -W ignore:setup.py install is deprecated -W ignore:easy_install command is deprecated setup.py egg_info --egg-base ../../build/rover_rectangular build --build-base /home/ak/cep_ws/build/rover_rectangular/build install --record /home/ak/cep_ws/build/rover_rectangular/install.log --single-version-externally-managed install_data
[2.745s] running egg_info
[2.798s] writing ../../build/rover_rectangular/rover_rectangular.egg-info/PKG-INFO
[2.798s] writing dependency_links to ../../build/rover_rectangular/rover_rectangular.egg-info/dependency_links.txt
[2.799s] writing entry points to ../../build/rover_rectangular/rover_rectangular.egg-info/entry_points.txt
[2.799s] writing requirements to ../../build/rover_rectangular/rover_rectangular.egg-info/requires.txt
[2.799s] writing top-level names to ../../build/rover_rectangular/rover_rectangular.egg-info/top_level.txt
[2.896s] reading manifest file '../../build/rover_rectangular/rover_rectangular.egg-info/SOURCES.txt'
[2.898s] writing manifest file '../../build/rover_rectangular/rover_rectangular.egg-info/SOURCES.txt'
[2.899s] running build
[2.899s] running build_py
[2.900s] running install
[2.918s] running install_lib
[2.966s] running install_data
[2.966s] running install_egg_info
[3.019s] removing '/home/ak/cep_ws/install/rover_rectangular/lib/python3.12/site-packages/rover_rectangular-0.0.0-py3.12.egg-info' (and everything under it)
[3.020s] Copying ../../build/rover_rectangular/rover_rectangular.egg-info to /home/ak/cep_ws/install/rover_rectangular/lib/python3.12/site-packages/rover_rectangular-0.0.0-py3.12.egg-info
[3.022s] running install_scripts
[3.394s] Installing Rectangular_node script to /home/ak/cep_ws/install/rover_rectangular/lib/rover_rectangular
[3.395s] Installing arm_oscillator script to /home/ak/cep_ws/install/rover_rectangular/lib/rover_rectangular
[3.395s] Installing manipulator_node script to /home/ak/cep_ws/install/rover_rectangular/lib/rover_rectangular
[3.396s] Installing rectangle_pid_tf script to /home/ak/cep_ws/install/rover_rectangular/lib/rover_rectangular
[3.396s] writing list of installed files to '/home/ak/cep_ws/build/rover_rectangular/install.log'
[3.461s] Invoked command in '/home/ak/cep_ws/src/rover_rectangular' returned '0': DEBUGINFOD_URLS=https://debuginfod.ubuntu.com PYTHONPATH=/home/ak/cep_ws/build/rover_rectangular/prefix_override:/usr/lib/python3/dist-packages/colcon_core/task/python/colcon_distutils_commands:/home/ak/cep_ws/install/rover_rectangular/lib/python3.12/site-packages:${PYTHONPATH} /usr/bin/python3 -W ignore:setup.py install is deprecated -W ignore:easy_install command is deprecated setup.py egg_info --egg-base ../../build/rover_rectangular build --build-base /home/ak/cep_ws/build/rover_rectangular/build install --record /home/ak/cep_ws/build/rover_rectangular/install.log --single-version-externally-managed install_data
