[0.167s] DEBUG:colcon:Command line arguments: ['/usr/bin/colcon', 'build']
[0.167s] DEBUG:colcon:Parsed command line arguments: Namespace(log_base=None, log_level=None, verb_name='build', build_base='build', install_base='install', merge_install=False, symlink_install=False, test_result_base=None, continue_on_error=False, executor='parallel', parallel_workers=8, event_handlers=None, ignore_user_meta=False, metas=['./colcon.meta'], base_paths=['.'], packages_ignore=None, packages_ignore_regex=None, paths=None, packages_up_to=None, packages_up_to_regex=None, packages_above=None, packages_above_and_dependencies=None, packages_above_depth=None, packages_select_by_dep=None, packages_skip_by_dep=None, packages_skip_up_to=None, packages_select_build_failed=False, packages_skip_build_finished=False, packages_select_test_failures=False, packages_skip_test_passed=False, packages_select=None, packages_skip=None, packages_select_regex=None, packages_skip_regex=None, packages_start=None, packages_end=None, allow_overriding=[], cmake_args=None, cmake_target=None, cmake_target_skip_unavailable=False, cmake_clean_cache=False, cmake_clean_first=False, cmake_force_configure=False, ament_cmake_args=None, catkin_cmake_args=None, catkin_skip_building_tests=False, mixin_files=None, mixin=None, verb_parser=<colcon_mixin.mixin.mixin_argument.MixinArgumentDecorator object at 0x7574269705f0>, verb_extension=<colcon_core.verb.build.BuildVerb object at 0x757426ab4ef0>, main=<bound method BuildVerb.main of <colcon_core.verb.build.BuildVerb object at 0x757426ab4ef0>>, mixin_verb=('build',))
[0.226s] Level 1:colcon.colcon_core.package_discovery:discover_packages(colcon_meta) check parameters
[0.226s] Level 1:colcon.colcon_core.package_discovery:discover_packages(recursive) check parameters
[0.226s] Level 1:colcon.colcon_core.package_discovery:discover_packages(ignore) check parameters
[0.226s] Level 1:colcon.colcon_core.package_discovery:discover_packages(path) check parameters
[0.226s] Level 1:colcon.colcon_core.package_discovery:discover_packages(colcon_meta) discover
[0.226s] Level 1:colcon.colcon_core.package_discovery:discover_packages(recursive) discover
[0.226s] INFO:colcon.colcon_core.package_discovery:Crawling recursively for packages in '/home/ak/cep_ws'
[0.226s] Level 1:colcon.colcon_core.package_identification:_identify(.) by extensions ['ignore', 'ignore_ament_install']
[0.226s] Level 1:colcon.colcon_core.package_identification:_identify(.) by extension 'ignore'
[0.227s] Level 1:colcon.colcon_core.package_identification:_identify(.) by extension 'ignore_ament_install'
[0.227s] Level 1:colcon.colcon_core.package_identification:_identify(.) by extensions ['colcon_pkg']
[0.227s] Level 1:colcon.colcon_core.package_identification:_identify(.) by extension 'colcon_pkg'
[0.227s] Level 1:colcon.colcon_core.package_identification:_identify(.) by extensions ['colcon_meta']
[0.227s] Level 1:colcon.colcon_core.package_identification:_identify(.) by extension 'colcon_meta'
[0.227s] Level 1:colcon.colcon_core.package_identification:_identify(.) by extensions ['ros']
[0.227s] Level 1:colcon.colcon_core.package_identification:_identify(.) by extension 'ros'
[0.265s] Level 1:colcon.colcon_core.package_identification:_identify(.) by extensions ['cmake', 'python']
[0.265s] Level 1:colcon.colcon_core.package_identification:_identify(.) by extension 'cmake'
[0.265s] Level 1:colcon.colcon_core.package_identification:_identify(.) by extension 'python'
[0.265s] Level 1:colcon.colcon_core.package_identification:_identify(.) by extensions ['python_setup_py']
[0.265s] Level 1:colcon.colcon_core.package_identification:_identify(.) by extension 'python_setup_py'
[0.265s] Level 1:colcon.colcon_core.package_identification:_identify(build) by extensions ['ignore', 'ignore_ament_install']
[0.265s] Level 1:colcon.colcon_core.package_identification:_identify(build) by extension 'ignore'
[0.265s] Level 1:colcon.colcon_core.package_identification:_identify(build) ignored
[0.265s] Level 1:colcon.colcon_core.package_identification:_identify(install) by extensions ['ignore', 'ignore_ament_install']
[0.265s] Level 1:colcon.colcon_core.package_identification:_identify(install) by extension 'ignore'
[0.266s] Level 1:colcon.colcon_core.package_identification:_identify(install) ignored
[0.266s] Level 1:colcon.colcon_core.package_identification:_identify(log) by extensions ['ignore', 'ignore_ament_install']
[0.266s] Level 1:colcon.colcon_core.package_identification:_identify(log) by extension 'ignore'
[0.266s] Level 1:colcon.colcon_core.package_identification:_identify(log) ignored
[0.266s] Level 1:colcon.colcon_core.package_identification:_identify(src) by extensions ['ignore', 'ignore_ament_install']
[0.266s] Level 1:colcon.colcon_core.package_identification:_identify(src) by extension 'ignore'
[0.266s] Level 1:colcon.colcon_core.package_identification:_identify(src) by extension 'ignore_ament_install'
[0.266s] Level 1:colcon.colcon_core.package_identification:_identify(src) by extensions ['colcon_pkg']
[0.266s] Level 1:colcon.colcon_core.package_identification:_identify(src) by extension 'colcon_pkg'
[0.267s] Level 1:colcon.colcon_core.package_identification:_identify(src) by extensions ['colcon_meta']
[0.267s] Level 1:colcon.colcon_core.package_identification:_identify(src) by extension 'colcon_meta'
[0.267s] Level 1:colcon.colcon_core.package_identification:_identify(src) by extensions ['ros']
[0.267s] Level 1:colcon.colcon_core.package_identification:_identify(src) by extension 'ros'
[0.267s] Level 1:colcon.colcon_core.package_identification:_identify(src) by extensions ['cmake', 'python']
[0.267s] Level 1:colcon.colcon_core.package_identification:_identify(src) by extension 'cmake'
[0.267s] Level 1:colcon.colcon_core.package_identification:_identify(src) by extension 'python'
[0.267s] Level 1:colcon.colcon_core.package_identification:_identify(src) by extensions ['python_setup_py']
[0.267s] Level 1:colcon.colcon_core.package_identification:_identify(src) by extension 'python_setup_py'
[0.267s] Level 1:colcon.colcon_core.package_identification:_identify(src/robot_description) by extensions ['ignore', 'ignore_ament_install']
[0.267s] Level 1:colcon.colcon_core.package_identification:_identify(src/robot_description) by extension 'ignore'
[0.267s] Level 1:colcon.colcon_core.package_identification:_identify(src/robot_description) by extension 'ignore_ament_install'
[0.267s] Level 1:colcon.colcon_core.package_identification:_identify(src/robot_description) by extensions ['colcon_pkg']
[0.267s] Level 1:colcon.colcon_core.package_identification:_identify(src/robot_description) by extension 'colcon_pkg'
[0.268s] Level 1:colcon.colcon_core.package_identification:_identify(src/robot_description) by extensions ['colcon_meta']
[0.268s] Level 1:colcon.colcon_core.package_identification:_identify(src/robot_description) by extension 'colcon_meta'
[0.268s] Level 1:colcon.colcon_core.package_identification:_identify(src/robot_description) by extensions ['ros']
[0.268s] Level 1:colcon.colcon_core.package_identification:_identify(src/robot_description) by extension 'ros'
[0.271s] DEBUG:colcon.colcon_core.package_identification:Package 'src/robot_description' with type 'ros.ament_cmake' and name 'robot_description'
[0.271s] Level 1:colcon.colcon_core.package_identification:_identify(src/rover_rectangular) by extensions ['ignore', 'ignore_ament_install']
[0.271s] Level 1:colcon.colcon_core.package_identification:_identify(src/rover_rectangular) by extension 'ignore'
[0.271s] Level 1:colcon.colcon_core.package_identification:_identify(src/rover_rectangular) by extension 'ignore_ament_install'
[0.271s] Level 1:colcon.colcon_core.package_identification:_identify(src/rover_rectangular) by extensions ['colcon_pkg']
[0.271s] Level 1:colcon.colcon_core.package_identification:_identify(src/rover_rectangular) by extension 'colcon_pkg'
[0.271s] Level 1:colcon.colcon_core.package_identification:_identify(src/rover_rectangular) by extensions ['colcon_meta']
[0.271s] Level 1:colcon.colcon_core.package_identification:_identify(src/rover_rectangular) by extension 'colcon_meta'
[0.271s] Level 1:colcon.colcon_core.package_identification:_identify(src/rover_rectangular) by extensions ['ros']
[0.272s] Level 1:colcon.colcon_core.package_identification:_identify(src/rover_rectangular) by extension 'ros'
[0.272s] DEBUG:colcon.colcon_core.package_identification:Package 'src/rover_rectangular' with type 'ros.ament_python' and name 'rover_rectangular'
[0.273s] Level 1:colcon.colcon_core.package_discovery:discover_packages(recursive) using defaults
[0.273s] Level 1:colcon.colcon_core.package_discovery:discover_packages(ignore) discover
[0.273s] Level 1:colcon.colcon_core.package_discovery:discover_packages(ignore) using defaults
[0.273s] Level 1:colcon.colcon_core.package_discovery:discover_packages(path) discover
[0.273s] Level 1:colcon.colcon_core.package_discovery:discover_packages(path) using defaults
[0.298s] Level 1:colcon.colcon_core.package_discovery:discover_packages(prefix_path) check parameters
[0.298s] Level 1:colcon.colcon_core.package_discovery:discover_packages(prefix_path) discover
[0.301s] DEBUG:colcon.colcon_installed_package_information.package_discovery:Found 2 installed packages in /home/ak/oel_ws/install
[0.302s] DEBUG:colcon.colcon_installed_package_information.package_discovery:Found 2 installed packages in /home/ak/cep_ws/install
[0.302s] DEBUG:colcon.colcon_installed_package_information.package_discovery:Found 2 installed packages in /home/ak/ros2_ws/install
[0.305s] DEBUG:colcon.colcon_installed_package_information.package_discovery:Found 322 installed packages in /opt/ros/jazzy
[0.306s] Level 1:colcon.colcon_core.package_discovery:discover_packages(prefix_path) using defaults
[0.380s] Level 5:colcon.colcon_core.verb:set package 'robot_description' build argument 'cmake_args' from command line to 'None'
[0.380s] Level 5:colcon.colcon_core.verb:set package 'robot_description' build argument 'cmake_target' from command line to 'None'
[0.380s] Level 5:colcon.colcon_core.verb:set package 'robot_description' build argument 'cmake_target_skip_unavailable' from command line to 'False'
[0.380s] Level 5:colcon.colcon_core.verb:set package 'robot_description' build argument 'cmake_clean_cache' from command line to 'False'
[0.380s] Level 5:colcon.colcon_core.verb:set package 'robot_description' build argument 'cmake_clean_first' from command line to 'False'
[0.380s] Level 5:colcon.colcon_core.verb:set package 'robot_description' build argument 'cmake_force_configure' from command line to 'False'
[0.380s] Level 5:colcon.colcon_core.verb:set package 'robot_description' build argument 'ament_cmake_args' from command line to 'None'
[0.380s] Level 5:colcon.colcon_core.verb:set package 'robot_description' build argument 'catkin_cmake_args' from command line to 'None'
[0.380s] Level 5:colcon.colcon_core.verb:set package 'robot_description' build argument 'catkin_skip_building_tests' from command line to 'False'
[0.380s] DEBUG:colcon.colcon_core.verb:Building package 'robot_description' with the following arguments: {'ament_cmake_args': None, 'build_base': '/home/ak/cep_ws/build/robot_description', 'catkin_cmake_args': None, 'catkin_skip_building_tests': False, 'cmake_args': None, 'cmake_clean_cache': False, 'cmake_clean_first': False, 'cmake_force_configure': False, 'cmake_target': None, 'cmake_target_skip_unavailable': False, 'install_base': '/home/ak/cep_ws/install/robot_description', 'merge_install': False, 'path': '/home/ak/cep_ws/src/robot_description', 'symlink_install': False, 'test_result_base': None}
[0.380s] Level 5:colcon.colcon_core.verb:set package 'rover_rectangular' build argument 'cmake_args' from command line to 'None'
[0.381s] Level 5:colcon.colcon_core.verb:set package 'rover_rectangular' build argument 'cmake_target' from command line to 'None'
[0.381s] Level 5:colcon.colcon_core.verb:set package 'rover_rectangular' build argument 'cmake_target_skip_unavailable' from command line to 'False'
[0.381s] Level 5:colcon.colcon_core.verb:set package 'rover_rectangular' build argument 'cmake_clean_cache' from command line to 'False'
[0.381s] Level 5:colcon.colcon_core.verb:set package 'rover_rectangular' build argument 'cmake_clean_first' from command line to 'False'
[0.381s] Level 5:colcon.colcon_core.verb:set package 'rover_rectangular' build argument 'cmake_force_configure' from command line to 'False'
[0.381s] Level 5:colcon.colcon_core.verb:set package 'rover_rectangular' build argument 'ament_cmake_args' from command line to 'None'
[0.381s] Level 5:colcon.colcon_core.verb:set package 'rover_rectangular' build argument 'catkin_cmake_args' from command line to 'None'
[0.381s] Level 5:colcon.colcon_core.verb:set package 'rover_rectangular' build argument 'catkin_skip_building_tests' from command line to 'False'
[0.381s] DEBUG:colcon.colcon_core.verb:Building package 'rover_rectangular' with the following arguments: {'ament_cmake_args': None, 'build_base': '/home/ak/cep_ws/build/rover_rectangular', 'catkin_cmake_args': None, 'catkin_skip_building_tests': False, 'cmake_args': None, 'cmake_clean_cache': False, 'cmake_clean_first': False, 'cmake_force_configure': False, 'cmake_target': None, 'cmake_target_skip_unavailable': False, 'install_base': '/home/ak/cep_ws/install/rover_rectangular', 'merge_install': False, 'path': '/home/ak/cep_ws/src/rover_rectangular', 'symlink_install': False, 'test_result_base': None}
[0.381s] INFO:colcon.colcon_core.executor:Executing jobs using 'parallel' executor
[0.382s] DEBUG:colcon.colcon_parallel_executor.executor.parallel:run_until_complete
[0.383s] INFO:colcon.colcon_ros.task.ament_cmake.build:Building ROS package in '/home/ak/cep_ws/src/robot_description' with build type 'ament_cmake'
[0.383s] INFO:colcon.colcon_cmake.task.cmake.build:Building CMake package in '/home/ak/cep_ws/src/robot_description'
[0.386s] INFO:colcon.colcon_core.plugin_system:Skipping extension 'colcon_core.shell.bat': Not used on non-Windows systems
[0.386s] INFO:colcon.colcon_core.shell:Skip shell extension 'powershell' for command environment: Not usable outside of PowerShell
[0.386s] DEBUG:colcon.colcon_core.shell:Skip shell extension 'dsv' for command environment
[0.394s] INFO:colcon.colcon_ros.task.ament_python.build:Building ROS package in '/home/ak/cep_ws/src/rover_rectangular' with build type 'ament_python'
[0.394s] Level 1:colcon.colcon_core.shell:create_environment_hook('rover_rectangular', 'ament_prefix_path')
[0.394s] INFO:colcon.colcon_core.shell:Creating environment hook '/home/ak/cep_ws/install/rover_rectangular/share/rover_rectangular/hook/ament_prefix_path.ps1'
[0.395s] INFO:colcon.colcon_core.shell:Creating environment descriptor '/home/ak/cep_ws/install/rover_rectangular/share/rover_rectangular/hook/ament_prefix_path.dsv'
[0.396s] INFO:colcon.colcon_core.shell:Creating environment hook '/home/ak/cep_ws/install/rover_rectangular/share/rover_rectangular/hook/ament_prefix_path.sh'
[0.397s] INFO:colcon.colcon_core.shell:Skip shell extension 'powershell' for command environment: Not usable outside of PowerShell
[0.397s] DEBUG:colcon.colcon_core.shell:Skip shell extension 'dsv' for command environment
[0.412s] DEBUG:colcon.colcon_core.event_handler.log_command:Invoking command in '/home/ak/cep_ws/build/robot_description': CMAKE_PREFIX_PATH=${CMAKE_PREFIX_PATH}:/home/ak/cep_ws/install/rover_rectangular:/home/ak/oel_ws/install/l_shape_rover:/home/ak/ros2_ws/install/my_robot_controller:/opt/ros/jazzy DEBUGINFOD_URLS=https://debuginfod.ubuntu.com /usr/bin/cmake --build /home/ak/cep_ws/build/robot_description -- -j8 -l8
[0.775s] INFO:colcon.colcon_core.task.python.build:Building Python package in '/home/ak/cep_ws/src/rover_rectangular'
[0.775s] INFO:colcon.colcon_core.shell:Skip shell extension 'powershell' for command environment: Not usable outside of PowerShell
[0.775s] DEBUG:colcon.colcon_core.shell:Skip shell extension 'dsv' for command environment
[0.784s] DEBUG:colcon.colcon_core.event_handler.log_command:Invoked command in '/home/ak/cep_ws/build/robot_description' returned '0': CMAKE_PREFIX_PATH=${CMAKE_PREFIX_PATH}:/home/ak/cep_ws/install/rover_rectangular:/home/ak/oel_ws/install/l_shape_rover:/home/ak/ros2_ws/install/my_robot_controller:/opt/ros/jazzy DEBUGINFOD_URLS=https://debuginfod.ubuntu.com /usr/bin/cmake --build /home/ak/cep_ws/build/robot_description -- -j8 -l8
[0.802s] DEBUG:colcon.colcon_core.event_handler.log_command:Invoking command in '/home/ak/cep_ws/build/robot_description': CMAKE_PREFIX_PATH=${CMAKE_PREFIX_PATH}:/home/ak/cep_ws/install/rover_rectangular:/home/ak/oel_ws/install/l_shape_rover:/home/ak/ros2_ws/install/my_robot_controller:/opt/ros/jazzy DEBUGINFOD_URLS=https://debuginfod.ubuntu.com /usr/bin/cmake --install /home/ak/cep_ws/build/robot_description
[0.844s] Level 1:colcon.colcon_core.environment:create_environment_scripts_only(robot_description)
[0.845s] DEBUG:colcon.colcon_core.event_handler.log_command:Invoked command in '/home/ak/cep_ws/build/robot_description' returned '0': CMAKE_PREFIX_PATH=${CMAKE_PREFIX_PATH}:/home/ak/cep_ws/install/rover_rectangular:/home/ak/oel_ws/install/l_shape_rover:/home/ak/ros2_ws/install/my_robot_controller:/opt/ros/jazzy DEBUGINFOD_URLS=https://debuginfod.ubuntu.com /usr/bin/cmake --install /home/ak/cep_ws/build/robot_description
[0.848s] Level 1:colcon.colcon_core.environment:checking '/home/ak/cep_ws/install/robot_description' for CMake module files
[0.849s] Level 1:colcon.colcon_core.environment:checking '/home/ak/cep_ws/install/robot_description' for CMake config files
[0.850s] Level 1:colcon.colcon_core.shell:create_environment_hook('robot_description', 'cmake_prefix_path')
[0.850s] INFO:colcon.colcon_core.shell:Creating environment hook '/home/ak/cep_ws/install/robot_description/share/robot_description/hook/cmake_prefix_path.ps1'
[0.851s] INFO:colcon.colcon_core.shell:Creating environment descriptor '/home/ak/cep_ws/install/robot_description/share/robot_description/hook/cmake_prefix_path.dsv'
[0.851s] INFO:colcon.colcon_core.shell:Creating environment hook '/home/ak/cep_ws/install/robot_description/share/robot_description/hook/cmake_prefix_path.sh'
[0.853s] Level 1:colcon.colcon_core.environment:checking '/home/ak/cep_ws/install/robot_description/bin'
[0.853s] Level 1:colcon.colcon_core.environment:checking '/home/ak/cep_ws/install/robot_description/lib/pkgconfig/robot_description.pc'
[0.853s] Level 1:colcon.colcon_core.environment:checking '/home/ak/cep_ws/install/robot_description/lib/python3.12/site-packages'
[0.854s] Level 1:colcon.colcon_core.environment:checking '/home/ak/cep_ws/install/robot_description/bin'
[0.854s] INFO:colcon.colcon_core.shell:Creating package script '/home/ak/cep_ws/install/robot_description/share/robot_description/package.ps1'
[0.856s] INFO:colcon.colcon_core.shell:Creating package descriptor '/home/ak/cep_ws/install/robot_description/share/robot_description/package.dsv'
[0.857s] INFO:colcon.colcon_core.shell:Creating package script '/home/ak/cep_ws/install/robot_description/share/robot_description/package.sh'
[0.858s] INFO:colcon.colcon_core.shell:Creating package script '/home/ak/cep_ws/install/robot_description/share/robot_description/package.bash'
[0.859s] INFO:colcon.colcon_core.shell:Creating package script '/home/ak/cep_ws/install/robot_description/share/robot_description/package.zsh'
[0.860s] Level 1:colcon.colcon_core.environment:create_file_with_runtime_dependencies(/home/ak/cep_ws/install/robot_description/share/colcon-core/packages/robot_description)
[0.861s] Level 1:colcon.colcon_core.environment:create_environment_scripts_only(robot_description)
[0.861s] Level 1:colcon.colcon_core.environment:checking '/home/ak/cep_ws/install/robot_description' for CMake module files
[0.862s] Level 1:colcon.colcon_core.environment:checking '/home/ak/cep_ws/install/robot_description' for CMake config files
[0.863s] Level 1:colcon.colcon_core.shell:create_environment_hook('robot_description', 'cmake_prefix_path')
[0.863s] INFO:colcon.colcon_core.shell:Creating environment hook '/home/ak/cep_ws/install/robot_description/share/robot_description/hook/cmake_prefix_path.ps1'
[0.864s] INFO:colcon.colcon_core.shell:Creating environment descriptor '/home/ak/cep_ws/install/robot_description/share/robot_description/hook/cmake_prefix_path.dsv'
[0.864s] INFO:colcon.colcon_core.shell:Creating environment hook '/home/ak/cep_ws/install/robot_description/share/robot_description/hook/cmake_prefix_path.sh'
[0.865s] Level 1:colcon.colcon_core.environment:checking '/home/ak/cep_ws/install/robot_description/bin'
[0.865s] Level 1:colcon.colcon_core.environment:checking '/home/ak/cep_ws/install/robot_description/lib/pkgconfig/robot_description.pc'
[0.866s] Level 1:colcon.colcon_core.environment:checking '/home/ak/cep_ws/install/robot_description/lib/python3.12/site-packages'
[0.867s] Level 1:colcon.colcon_core.environment:checking '/home/ak/cep_ws/install/robot_description/bin'
[0.867s] INFO:colcon.colcon_core.shell:Creating package script '/home/ak/cep_ws/install/robot_description/share/robot_description/package.ps1'
[0.868s] INFO:colcon.colcon_core.shell:Creating package descriptor '/home/ak/cep_ws/install/robot_description/share/robot_description/package.dsv'
[0.869s] INFO:colcon.colcon_core.shell:Creating package script '/home/ak/cep_ws/install/robot_description/share/robot_description/package.sh'
[0.869s] INFO:colcon.colcon_core.shell:Creating package script '/home/ak/cep_ws/install/robot_description/share/robot_description/package.bash'
[0.870s] INFO:colcon.colcon_core.shell:Creating package script '/home/ak/cep_ws/install/robot_description/share/robot_description/package.zsh'
[0.871s] Level 1:colcon.colcon_core.environment:create_file_with_runtime_dependencies(/home/ak/cep_ws/install/robot_description/share/colcon-core/packages/robot_description)
[2.035s] DEBUG:colcon.colcon_core.event_handler.log_command:Invoking command in '/home/ak/cep_ws/src/rover_rectangular': DEBUGINFOD_URLS=https://debuginfod.ubuntu.com PYTHONPATH=/home/ak/cep_ws/build/rover_rectangular/prefix_override:/usr/lib/python3/dist-packages/colcon_core/task/python/colcon_distutils_commands:/home/ak/cep_ws/install/rover_rectangular/lib/python3.12/site-packages:${PYTHONPATH} /usr/bin/python3 -W ignore:setup.py install is deprecated -W ignore:easy_install command is deprecated setup.py egg_info --egg-base ../../build/rover_rectangular build --build-base /home/ak/cep_ws/build/rover_rectangular/build install --record /home/ak/cep_ws/build/rover_rectangular/install.log --single-version-externally-managed install_data
[3.189s] Level 1:colcon.colcon_core.environment:checking '/home/ak/cep_ws/install/rover_rectangular' for CMake module files
[3.190s] DEBUG:colcon.colcon_core.event_handler.log_command:Invoked command in '/home/ak/cep_ws/src/rover_rectangular' returned '0': DEBUGINFOD_URLS=https://debuginfod.ubuntu.com PYTHONPATH=/home/ak/cep_ws/build/rover_rectangular/prefix_override:/usr/lib/python3/dist-packages/colcon_core/task/python/colcon_distutils_commands:/home/ak/cep_ws/install/rover_rectangular/lib/python3.12/site-packages:${PYTHONPATH} /usr/bin/python3 -W ignore:setup.py install is deprecated -W ignore:easy_install command is deprecated setup.py egg_info --egg-base ../../build/rover_rectangular build --build-base /home/ak/cep_ws/build/rover_rectangular/build install --record /home/ak/cep_ws/build/rover_rectangular/install.log --single-version-externally-managed install_data
[3.191s] Level 1:colcon.colcon_core.environment:checking '/home/ak/cep_ws/install/rover_rectangular' for CMake config files
[3.192s] Level 1:colcon.colcon_core.environment:checking '/home/ak/cep_ws/install/rover_rectangular/lib'
[3.192s] Level 1:colcon.colcon_core.environment:checking '/home/ak/cep_ws/install/rover_rectangular/bin'
[3.192s] Level 1:colcon.colcon_core.environment:checking '/home/ak/cep_ws/install/rover_rectangular/lib/pkgconfig/rover_rectangular.pc'
[3.192s] Level 1:colcon.colcon_core.environment:checking '/home/ak/cep_ws/install/rover_rectangular/lib/python3.12/site-packages'
[3.193s] Level 1:colcon.colcon_core.shell:create_environment_hook('rover_rectangular', 'pythonpath')
[3.193s] INFO:colcon.colcon_core.shell:Creating environment hook '/home/ak/cep_ws/install/rover_rectangular/share/rover_rectangular/hook/pythonpath.ps1'
[3.194s] INFO:colcon.colcon_core.shell:Creating environment descriptor '/home/ak/cep_ws/install/rover_rectangular/share/rover_rectangular/hook/pythonpath.dsv'
[3.195s] INFO:colcon.colcon_core.shell:Creating environment hook '/home/ak/cep_ws/install/rover_rectangular/share/rover_rectangular/hook/pythonpath.sh'
[3.196s] Level 1:colcon.colcon_core.environment:checking '/home/ak/cep_ws/install/rover_rectangular/bin'
[3.196s] Level 1:colcon.colcon_core.environment:create_environment_scripts_only(rover_rectangular)
[3.196s] INFO:colcon.colcon_core.shell:Creating package script '/home/ak/cep_ws/install/rover_rectangular/share/rover_rectangular/package.ps1'
[3.198s] INFO:colcon.colcon_core.shell:Creating package descriptor '/home/ak/cep_ws/install/rover_rectangular/share/rover_rectangular/package.dsv'
[3.198s] INFO:colcon.colcon_core.shell:Creating package script '/home/ak/cep_ws/install/rover_rectangular/share/rover_rectangular/package.sh'
[3.199s] INFO:colcon.colcon_core.shell:Creating package script '/home/ak/cep_ws/install/rover_rectangular/share/rover_rectangular/package.bash'
[3.200s] INFO:colcon.colcon_core.shell:Creating package script '/home/ak/cep_ws/install/rover_rectangular/share/rover_rectangular/package.zsh'
[3.200s] Level 1:colcon.colcon_core.environment:create_file_with_runtime_dependencies(/home/ak/cep_ws/install/rover_rectangular/share/colcon-core/packages/rover_rectangular)
[3.201s] DEBUG:colcon.colcon_parallel_executor.executor.parallel:closing loop
[3.201s] DEBUG:colcon.colcon_parallel_executor.executor.parallel:loop closed
[3.201s] DEBUG:colcon.colcon_parallel_executor.executor.parallel:run_until_complete finished with '0'
[3.202s] DEBUG:colcon.colcon_core.event_reactor:joining thread
[3.210s] INFO:colcon.colcon_core.plugin_system:Skipping extension 'colcon_notification.desktop_notification.terminal_notifier': Not used on non-Darwin systems
[3.210s] INFO:colcon.colcon_core.plugin_system:Skipping extension 'colcon_notification.desktop_notification.win32': Not used on non-Windows systems
[3.210s] INFO:colcon.colcon_notification.desktop_notification:Sending desktop notification using 'notify2'
[3.225s] DEBUG:colcon.colcon_core.event_reactor:joined thread
[3.226s] INFO:colcon.colcon_core.shell:Creating prefix script '/home/ak/cep_ws/install/local_setup.ps1'
[3.227s] INFO:colcon.colcon_core.shell:Creating prefix util module '/home/ak/cep_ws/install/_local_setup_util_ps1.py'
[3.230s] INFO:colcon.colcon_core.shell:Creating prefix chain script '/home/ak/cep_ws/install/setup.ps1'
[3.233s] INFO:colcon.colcon_core.shell:Creating prefix script '/home/ak/cep_ws/install/local_setup.sh'
[3.234s] INFO:colcon.colcon_core.shell:Creating prefix util module '/home/ak/cep_ws/install/_local_setup_util_sh.py'
[3.236s] INFO:colcon.colcon_core.shell:Creating prefix chain script '/home/ak/cep_ws/install/setup.sh'
[3.239s] INFO:colcon.colcon_core.shell:Creating prefix script '/home/ak/cep_ws/install/local_setup.bash'
[3.240s] INFO:colcon.colcon_core.shell:Creating prefix chain script '/home/ak/cep_ws/install/setup.bash'
[3.243s] INFO:colcon.colcon_core.shell:Creating prefix script '/home/ak/cep_ws/install/local_setup.zsh'
[3.244s] INFO:colcon.colcon_core.shell:Creating prefix chain script '/home/ak/cep_ws/install/setup.zsh'
