-- Found ament_cmake: 2.5.5 (/opt/ros/jazzy/share/ament_cmake/cmake)
-- Override CMake install command with custom implementation using symlinks instead of copying resources
-- Found ament_lint_auto: 0.17.4 (/opt/ros/jazzy/share/ament_lint_auto/cmake)
-- Added test 'flake8' to check Python code syntax and style conventions
-- Configured 'flake8' exclude dirs and/or files: 
-- Added test 'lint_cmake' to check CMake code style
-- Added test 'pep257' to check Python code against some of the docstring style conventions in PEP 257
-- Added test 'xmllint' to check XML markup files
-- Configuring done (1.0s)
-- Generating done (0.1s)
-- Build files have been written to: /home/ak/cep_ws/build/robot_description
-- Install configuration: ""
-- Execute custom install script
-- Symlinking: /home/ak/cep_ws/install/robot_description/share/robot_description/launch/multi_robot.launch.py
-- Symlinking: /home/ak/cep_ws/install/robot_description/share/robot_description/launch/sim.launch.py
-- Symlinking: /home/ak/cep_ws/install/robot_description/share/robot_description/urdf/manipulator.urdf.xacro
-- Symlinking: /home/ak/cep_ws/install/robot_description/share/robot_description/urdf/rover.urdf.xacro
-- Symlinking: /home/ak/cep_ws/install/robot_description/share/ament_index/resource_index/package_run_dependencies/robot_description
-- Symlinking: /home/ak/cep_ws/install/robot_description/share/ament_index/resource_index/parent_prefix_path/robot_description
-- Symlinking: /home/ak/cep_ws/install/robot_description/share/robot_description/environment/ament_prefix_path.sh
-- Symlinking: /home/ak/cep_ws/install/robot_description/share/robot_description/environment/ament_prefix_path.dsv
-- Symlinking: /home/ak/cep_ws/install/robot_description/share/robot_description/environment/path.sh
-- Symlinking: /home/ak/cep_ws/install/robot_description/share/robot_description/environment/path.dsv
-- Symlinking: /home/ak/cep_ws/install/robot_description/share/robot_description/local_setup.bash
-- Symlinking: /home/ak/cep_ws/install/robot_description/share/robot_description/local_setup.sh
-- Symlinking: /home/ak/cep_ws/install/robot_description/share/robot_description/local_setup.zsh
-- Symlinking: /home/ak/cep_ws/install/robot_description/share/robot_description/local_setup.dsv
-- Symlinking: /home/ak/cep_ws/install/robot_description/share/robot_description/package.dsv
-- Symlinking: /home/ak/cep_ws/install/robot_description/share/ament_index/resource_index/packages/robot_description
-- Symlinking: /home/ak/cep_ws/install/robot_description/share/robot_description/cmake/robot_descriptionConfig.cmake
-- Symlinking: /home/ak/cep_ws/install/robot_description/share/robot_description/cmake/robot_descriptionConfig-version.cmake
-- Symlinking: /home/ak/cep_ws/install/robot_description/share/robot_description/package.xml
