/home/ak/cep_ws/install/rover_rectangular/lib/python3.12/site-packages/rover_rectangular/l_shape_rover.py
/home/ak/cep_ws/install/rover_rectangular/lib/python3.12/site-packages/rover_rectangular/pid.py
/home/ak/cep_ws/install/rover_rectangular/lib/python3.12/site-packages/rover_rectangular/arm_osc.py
/home/ak/cep_ws/install/rover_rectangular/lib/python3.12/site-packages/rover_rectangular/manipulator.py
/home/ak/cep_ws/install/rover_rectangular/lib/python3.12/site-packages/rover_rectangular/__init__.py
/home/ak/cep_ws/install/rover_rectangular/lib/python3.12/site-packages/rover_rectangular/rover_controller.py
/home/ak/cep_ws/install/rover_rectangular/lib/python3.12/site-packages/rover_rectangular/__pycache__/l_shape_rover.cpython-312.pyc
/home/ak/cep_ws/install/rover_rectangular/lib/python3.12/site-packages/rover_rectangular/__pycache__/pid.cpython-312.pyc
/home/ak/cep_ws/install/rover_rectangular/lib/python3.12/site-packages/rover_rectangular/__pycache__/arm_osc.cpython-312.pyc
/home/ak/cep_ws/install/rover_rectangular/lib/python3.12/site-packages/rover_rectangular/__pycache__/manipulator.cpython-312.pyc
/home/ak/cep_ws/install/rover_rectangular/lib/python3.12/site-packages/rover_rectangular/__pycache__/__init__.cpython-312.pyc
/home/ak/cep_ws/install/rover_rectangular/lib/python3.12/site-packages/rover_rectangular/__pycache__/rover_controller.cpython-312.pyc
/home/ak/cep_ws/install/rover_rectangular/share/ament_index/resource_index/packages/rover_rectangular
/home/ak/cep_ws/install/rover_rectangular/share/rover_rectangular/package.xml
/home/ak/cep_ws/install/rover_rectangular/lib/python3.12/site-packages/rover_rectangular-0.0.0-py3.12.egg-info/requires.txt
/home/ak/cep_ws/install/rover_rectangular/lib/python3.12/site-packages/rover_rectangular-0.0.0-py3.12.egg-info/dependency_links.txt
/home/ak/cep_ws/install/rover_rectangular/lib/python3.12/site-packages/rover_rectangular-0.0.0-py3.12.egg-info/zip-safe
/home/ak/cep_ws/install/rover_rectangular/lib/python3.12/site-packages/rover_rectangular-0.0.0-py3.12.egg-info/entry_points.txt
/home/ak/cep_ws/install/rover_rectangular/lib/python3.12/site-packages/rover_rectangular-0.0.0-py3.12.egg-info/SOURCES.txt
/home/ak/cep_ws/install/rover_rectangular/lib/python3.12/site-packages/rover_rectangular-0.0.0-py3.12.egg-info/PKG-INFO
/home/ak/cep_ws/install/rover_rectangular/lib/python3.12/site-packages/rover_rectangular-0.0.0-py3.12.egg-info/top_level.txt
/home/ak/cep_ws/install/rover_rectangular/lib/rover_rectangular/Rectangular_node
/home/ak/cep_ws/install/rover_rectangular/lib/rover_rectangular/arm_oscillator
/home/ak/cep_ws/install/rover_rectangular/lib/rover_rectangular/l_shape_node
/home/ak/cep_ws/install/rover_rectangular/lib/rover_rectangular/manipulator_node
/home/ak/cep_ws/install/rover_rectangular/lib/rover_rectangular/rectangle_pid_tf
