[1.609s] Invoking command in '/home/ak/cep_ws/src/rover_rectangular': DEBUGINFOD_URLS=https://debuginfod.ubuntu.com PYTHONPATH=/home/ak/cep_ws/build/rover_rectangular/prefix_override:/usr/lib/python3/dist-packages/colcon_core/task/python/colcon_distutils_commands:/home/ak/cep_ws/install/rover_rectangular/lib/python3.12/site-packages:${PYTHONPATH} /usr/bin/python3 -W ignore:setup.py install is deprecated -W ignore:easy_install command is deprecated setup.py egg_info --egg-base ../../build/rover_rectangular build --build-base /home/ak/cep_ws/build/rover_rectangular/build install --record /home/ak/cep_ws/build/rover_rectangular/install.log --single-version-externally-managed install_data
[2.170s] running egg_info
[2.212s] writing ../../build/rover_rectangular/rover_rectangular.egg-info/PKG-INFO
[2.212s] writing dependency_links to ../../build/rover_rectangular/rover_rectangular.egg-info/dependency_links.txt
[2.213s] writing entry points to ../../build/rover_rectangular/rover_rectangular.egg-info/entry_points.txt
[2.213s] writing requirements to ../../build/rover_rectangular/rover_rectangular.egg-info/requires.txt
[2.213s] writing top-level names to ../../build/rover_rectangular/rover_rectangular.egg-info/top_level.txt
[2.295s] reading manifest file '../../build/rover_rectangular/rover_rectangular.egg-info/SOURCES.txt'
[2.296s] writing manifest file '../../build/rover_rectangular/rover_rectangular.egg-info/SOURCES.txt'
[2.297s] running build
[2.297s] running build_py
[2.297s] running install
[2.308s] running install_lib
[2.347s] running install_data
[2.347s] copying package.xml -> /home/ak/cep_ws/install/rover_rectangular/share/rover_rectangular
[2.347s] running install_egg_info
[2.389s] removing '/home/ak/cep_ws/install/rover_rectangular/lib/python3.12/site-packages/rover_rectangular-0.0.0-py3.12.egg-info' (and everything under it)
[2.390s] Copying ../../build/rover_rectangular/rover_rectangular.egg-info to /home/ak/cep_ws/install/rover_rectangular/lib/python3.12/site-packages/rover_rectangular-0.0.0-py3.12.egg-info
[2.391s] running install_scripts
[2.660s] Installing Rectangular_node script to /home/ak/cep_ws/install/rover_rectangular/lib/rover_rectangular
[2.660s] Installing arm_oscillator script to /home/ak/cep_ws/install/rover_rectangular/lib/rover_rectangular
[2.660s] Installing manipulator_node script to /home/ak/cep_ws/install/rover_rectangular/lib/rover_rectangular
[2.660s] Installing rectangle_pid_tf script to /home/ak/cep_ws/install/rover_rectangular/lib/rover_rectangular
[2.661s] writing list of installed files to '/home/ak/cep_ws/build/rover_rectangular/install.log'
[2.715s] Invoked command in '/home/ak/cep_ws/src/rover_rectangular' returned '0': DEBUGINFOD_URLS=https://debuginfod.ubuntu.com PYTHONPATH=/home/ak/cep_ws/build/rover_rectangular/prefix_override:/usr/lib/python3/dist-packages/colcon_core/task/python/colcon_distutils_commands:/home/ak/cep_ws/install/rover_rectangular/lib/python3.12/site-packages:${PYTHONPATH} /usr/bin/python3 -W ignore:setup.py install is deprecated -W ignore:easy_install command is deprecated setup.py egg_info --egg-base ../../build/rover_rectangular build --build-base /home/ak/cep_ws/build/rover_rectangular/build install --record /home/ak/cep_ws/build/rover_rectangular/install.log --single-version-externally-managed install_data
