[0.982s] Invoking command in '/home/ak/cep_ws/src/rover_rectangular': DEBUGINFOD_URLS=https://debuginfod.ubuntu.com PYTHONPATH=/home/ak/cep_ws/build/rover_rectangular/prefix_override:/usr/lib/python3/dist-packages/colcon_core/task/python/colcon_distutils_commands:/home/ak/cep_ws/install/rover_rectangular/lib/python3.12/site-packages:${PYTHONPATH} /usr/bin/python3 -W ignore:setup.py install is deprecated -W ignore:easy_install command is deprecated setup.py egg_info --egg-base ../../build/rover_rectangular build --build-base /home/ak/cep_ws/build/rover_rectangular/build install --record /home/ak/cep_ws/build/rover_rectangular/install.log --single-version-externally-managed install_data
[1.307s] running egg_info
[1.333s] writing ../../build/rover_rectangular/rover_rectangular.egg-info/PKG-INFO
[1.333s] writing dependency_links to ../../build/rover_rectangular/rover_rectangular.egg-info/dependency_links.txt
[1.333s] writing entry points to ../../build/rover_rectangular/rover_rectangular.egg-info/entry_points.txt
[1.334s] writing requirements to ../../build/rover_rectangular/rover_rectangular.egg-info/requires.txt
[1.334s] writing top-level names to ../../build/rover_rectangular/rover_rectangular.egg-info/top_level.txt
[1.390s] reading manifest file '../../build/rover_rectangular/rover_rectangular.egg-info/SOURCES.txt'
[1.391s] writing manifest file '../../build/rover_rectangular/rover_rectangular.egg-info/SOURCES.txt'
[1.391s] running build
[1.391s] running build_py
[1.391s] copying rover_rectangular/rover_controller.py -> /home/ak/cep_ws/build/rover_rectangular/build/lib/rover_rectangular
[1.392s] running install
[1.399s] running install_lib
[1.426s] copying /home/ak/cep_ws/build/rover_rectangular/build/lib/rover_rectangular/rover_controller.py -> /home/ak/cep_ws/install/rover_rectangular/lib/python3.12/site-packages/rover_rectangular
[1.427s] byte-compiling /home/ak/cep_ws/install/rover_rectangular/lib/python3.12/site-packages/rover_rectangular/rover_controller.py to rover_controller.cpython-312.pyc
[1.428s] running install_data
[1.428s] running install_egg_info
[1.454s] removing '/home/ak/cep_ws/install/rover_rectangular/lib/python3.12/site-packages/rover_rectangular-0.0.0-py3.12.egg-info' (and everything under it)
[1.455s] Copying ../../build/rover_rectangular/rover_rectangular.egg-info to /home/ak/cep_ws/install/rover_rectangular/lib/python3.12/site-packages/rover_rectangular-0.0.0-py3.12.egg-info
[1.456s] running install_scripts
[1.621s] Installing Rectangular_node script to /home/ak/cep_ws/install/rover_rectangular/lib/rover_rectangular
[1.622s] Installing arm_oscillator script to /home/ak/cep_ws/install/rover_rectangular/lib/rover_rectangular
[1.622s] Installing l_shape_node script to /home/ak/cep_ws/install/rover_rectangular/lib/rover_rectangular
[1.622s] Installing manipulator_node script to /home/ak/cep_ws/install/rover_rectangular/lib/rover_rectangular
[1.623s] Installing rectangle_pid_tf script to /home/ak/cep_ws/install/rover_rectangular/lib/rover_rectangular
[1.623s] writing list of installed files to '/home/ak/cep_ws/build/rover_rectangular/install.log'
[1.653s] Invoked command in '/home/ak/cep_ws/src/rover_rectangular' returned '0': DEBUGINFOD_URLS=https://debuginfod.ubuntu.com PYTHONPATH=/home/ak/cep_ws/build/rover_rectangular/prefix_override:/usr/lib/python3/dist-packages/colcon_core/task/python/colcon_distutils_commands:/home/ak/cep_ws/install/rover_rectangular/lib/python3.12/site-packages:${PYTHONPATH} /usr/bin/python3 -W ignore:setup.py install is deprecated -W ignore:easy_install command is deprecated setup.py egg_info --egg-base ../../build/rover_rectangular build --build-base /home/ak/cep_ws/build/rover_rectangular/build install --record /home/ak/cep_ws/build/rover_rectangular/install.log --single-version-externally-managed install_data
