[0.097s] Invoking command in '/home/ak/cep_ws/build/robot_description': CMAKE_PREFIX_PATH=${CMAKE_PREFIX_PATH}:/home/ak/cep_ws/install/rover_rectangular:/home/ak/ros2_ws/install/my_robot_controller:/opt/ros/jazzy DEBUGINFOD_URLS=https://debuginfod.ubuntu.com /usr/bin/cmake --build /home/ak/cep_ws/build/robot_description -- -j8 -l8
[1.079s] Invoked command in '/home/ak/cep_ws/build/robot_description' returned '0': CMAKE_PREFIX_PATH=${CMAKE_PREFIX_PATH}:/home/ak/cep_ws/install/rover_rectangular:/home/ak/ros2_ws/install/my_robot_controller:/opt/ros/jazzy DEBUGINFOD_URLS=https://debuginfod.ubuntu.com /usr/bin/cmake --build /home/ak/cep_ws/build/robot_description -- -j8 -l8
[1.130s] Invoking command in '/home/ak/cep_ws/build/robot_description': CMAKE_PREFIX_PATH=${CMAKE_PREFIX_PATH}:/home/ak/cep_ws/install/rover_rectangular:/home/ak/ros2_ws/install/my_robot_controller:/opt/ros/jazzy DEBUGINFOD_URLS=https://debuginfod.ubuntu.com /usr/bin/cmake --install /home/ak/cep_ws/build/robot_description
[1.155s] -- Install configuration: ""
[1.156s] -- Execute custom install script
[1.158s] -- Up-to-date symlink: /home/ak/cep_ws/install/robot_description/share/robot_description/launch/multi_robot.launch.py
[1.158s] -- Up-to-date symlink: /home/ak/cep_ws/install/robot_description/share/robot_description/launch/sim.launch.py
[1.159s] -- Up-to-date symlink: /home/ak/cep_ws/install/robot_description/share/robot_description/urdf/manipulator.urdf.xacro
[1.160s] -- Up-to-date symlink: /home/ak/cep_ws/install/robot_description/share/robot_description/urdf/rover.urdf.xacro
[1.160s] -- Up-to-date symlink: /home/ak/cep_ws/install/robot_description/share/ament_index/resource_index/package_run_dependencies/robot_description
[1.162s] -- Up-to-date symlink: /home/ak/cep_ws/install/robot_description/share/ament_index/resource_index/parent_prefix_path/robot_description
[1.163s] -- Up-to-date symlink: /home/ak/cep_ws/install/robot_description/share/robot_description/environment/ament_prefix_path.sh
[1.163s] -- Up-to-date symlink: /home/ak/cep_ws/install/robot_description/share/robot_description/environment/ament_prefix_path.dsv
[1.164s] -- Up-to-date symlink: /home/ak/cep_ws/install/robot_description/share/robot_description/environment/path.sh
[1.164s] -- Up-to-date symlink: /home/ak/cep_ws/install/robot_description/share/robot_description/environment/path.dsv
[1.165s] -- Up-to-date symlink: /home/ak/cep_ws/install/robot_description/share/robot_description/local_setup.bash
[1.165s] -- Up-to-date symlink: /home/ak/cep_ws/install/robot_description/share/robot_description/local_setup.sh
[1.166s] -- Up-to-date symlink: /home/ak/cep_ws/install/robot_description/share/robot_description/local_setup.zsh
[1.166s] -- Up-to-date symlink: /home/ak/cep_ws/install/robot_description/share/robot_description/local_setup.dsv
[1.167s] -- Symlinking: /home/ak/cep_ws/install/robot_description/share/robot_description/package.dsv
[1.198s] -- Up-to-date symlink: /home/ak/cep_ws/install/robot_description/share/ament_index/resource_index/packages/robot_description
[1.199s] -- Up-to-date symlink: /home/ak/cep_ws/install/robot_description/share/robot_description/cmake/robot_descriptionConfig.cmake
[1.199s] -- Up-to-date symlink: /home/ak/cep_ws/install/robot_description/share/robot_description/cmake/robot_descriptionConfig-version.cmake
[1.200s] -- Up-to-date symlink: /home/ak/cep_ws/install/robot_description/share/robot_description/package.xml
[1.205s] Invoked command in '/home/ak/cep_ws/build/robot_description' returned '0': CMAKE_PREFIX_PATH=${CMAKE_PREFIX_PATH}:/home/ak/cep_ws/install/rover_rectangular:/home/ak/ros2_ws/install/my_robot_controller:/opt/ros/jazzy DEBUGINFOD_URLS=https://debuginfod.ubuntu.com /usr/bin/cmake --install /home/ak/cep_ws/build/robot_description
