[0.390s] DEBUG:colcon:Command line arguments: ['/usr/bin/colcon', 'build']
[0.391s] DEBUG:colcon:Parsed command line arguments: Namespace(log_base=None, log_level=None, verb_name='build', build_base='build', install_base='install', merge_install=False, symlink_install=False, test_result_base=None, continue_on_error=False, executor='parallel', parallel_workers=8, event_handlers=None, ignore_user_meta=False, metas=['./colcon.meta'], base_paths=['.'], packages_ignore=None, packages_ignore_regex=None, paths=None, packages_up_to=None, packages_up_to_regex=None, packages_above=None, packages_above_and_dependencies=None, packages_above_depth=None, packages_select_by_dep=None, packages_skip_by_dep=None, packages_skip_up_to=None, packages_select_build_failed=False, packages_skip_build_finished=False, packages_select_test_failures=False, packages_skip_test_passed=False, packages_select=None, packages_skip=None, packages_select_regex=None, packages_skip_regex=None, packages_start=None, packages_end=None, allow_overriding=[], cmake_args=None, cmake_target=None, cmake_target_skip_unavailable=False, cmake_clean_cache=False, cmake_clean_first=False, cmake_force_configure=False, ament_cmake_args=None, catkin_cmake_args=None, catkin_skip_building_tests=False, mixin_files=None, mixin=None, verb_parser=<colcon_mixin.mixin.mixin_argument.MixinArgumentDecorator object at 0x7c56f3b68500>, verb_extension=<colcon_core.verb.build.BuildVerb object at 0x7c56f3cc4140>, main=<bound method BuildVerb.main of <colcon_core.verb.build.BuildVerb object at 0x7c56f3cc4140>>, mixin_verb=('build',))
[0.786s] Level 1:colcon.colcon_core.package_discovery:discover_packages(colcon_meta) check parameters
[0.788s] Level 1:colcon.colcon_core.package_discovery:discover_packages(recursive) check parameters
[0.788s] Level 1:colcon.colcon_core.package_discovery:discover_packages(ignore) check parameters
[0.788s] Level 1:colcon.colcon_core.package_discovery:discover_packages(path) check parameters
[0.788s] Level 1:colcon.colcon_core.package_discovery:discover_packages(colcon_meta) discover
[0.789s] Level 1:colcon.colcon_core.package_discovery:discover_packages(recursive) discover
[0.789s] INFO:colcon.colcon_core.package_discovery:Crawling recursively for packages in '/home/ak/cep_ws'
[0.789s] Level 1:colcon.colcon_core.package_identification:_identify(.) by extensions ['ignore', 'ignore_ament_install']
[0.790s] Level 1:colcon.colcon_core.package_identification:_identify(.) by extension 'ignore'
[0.790s] Level 1:colcon.colcon_core.package_identification:_identify(.) by extension 'ignore_ament_install'
[0.791s] Level 1:colcon.colcon_core.package_identification:_identify(.) by extensions ['colcon_pkg']
[0.791s] Level 1:colcon.colcon_core.package_identification:_identify(.) by extension 'colcon_pkg'
[0.791s] Level 1:colcon.colcon_core.package_identification:_identify(.) by extensions ['colcon_meta']
[0.792s] Level 1:colcon.colcon_core.package_identification:_identify(.) by extension 'colcon_meta'
[0.792s] Level 1:colcon.colcon_core.package_identification:_identify(.) by extensions ['ros']
[0.792s] Level 1:colcon.colcon_core.package_identification:_identify(.) by extension 'ros'
[0.943s] Level 1:colcon.colcon_core.package_identification:_identify(.) by extensions ['cmake', 'python']
[0.943s] Level 1:colcon.colcon_core.package_identification:_identify(.) by extension 'cmake'
[0.943s] Level 1:colcon.colcon_core.package_identification:_identify(.) by extension 'python'
[0.944s] Level 1:colcon.colcon_core.package_identification:_identify(.) by extensions ['python_setup_py']
[0.944s] Level 1:colcon.colcon_core.package_identification:_identify(.) by extension 'python_setup_py'
[0.944s] Level 1:colcon.colcon_core.package_identification:_identify(build) by extensions ['ignore', 'ignore_ament_install']
[0.944s] Level 1:colcon.colcon_core.package_identification:_identify(build) by extension 'ignore'
[0.945s] Level 1:colcon.colcon_core.package_identification:_identify(build) ignored
[0.945s] Level 1:colcon.colcon_core.package_identification:_identify(install) by extensions ['ignore', 'ignore_ament_install']
[0.946s] Level 1:colcon.colcon_core.package_identification:_identify(install) by extension 'ignore'
[0.946s] Level 1:colcon.colcon_core.package_identification:_identify(install) ignored
[0.947s] Level 1:colcon.colcon_core.package_identification:_identify(log) by extensions ['ignore', 'ignore_ament_install']
[0.947s] Level 1:colcon.colcon_core.package_identification:_identify(log) by extension 'ignore'
[0.947s] Level 1:colcon.colcon_core.package_identification:_identify(log) ignored
[0.947s] Level 1:colcon.colcon_core.package_identification:_identify(src) by extensions ['ignore', 'ignore_ament_install']
[0.948s] Level 1:colcon.colcon_core.package_identification:_identify(src) by extension 'ignore'
[0.948s] Level 1:colcon.colcon_core.package_identification:_identify(src) by extension 'ignore_ament_install'
[0.948s] Level 1:colcon.colcon_core.package_identification:_identify(src) by extensions ['colcon_pkg']
[0.948s] Level 1:colcon.colcon_core.package_identification:_identify(src) by extension 'colcon_pkg'
[0.949s] Level 1:colcon.colcon_core.package_identification:_identify(src) by extensions ['colcon_meta']
[0.949s] Level 1:colcon.colcon_core.package_identification:_identify(src) by extension 'colcon_meta'
[0.949s] Level 1:colcon.colcon_core.package_identification:_identify(src) by extensions ['ros']
[0.949s] Level 1:colcon.colcon_core.package_identification:_identify(src) by extension 'ros'
[0.949s] Level 1:colcon.colcon_core.package_identification:_identify(src) by extensions ['cmake', 'python']
[0.949s] Level 1:colcon.colcon_core.package_identification:_identify(src) by extension 'cmake'
[0.950s] Level 1:colcon.colcon_core.package_identification:_identify(src) by extension 'python'
[0.950s] Level 1:colcon.colcon_core.package_identification:_identify(src) by extensions ['python_setup_py']
[0.950s] Level 1:colcon.colcon_core.package_identification:_identify(src) by extension 'python_setup_py'
[0.950s] Level 1:colcon.colcon_core.package_identification:_identify(src/robot_description) by extensions ['ignore', 'ignore_ament_install']
[0.950s] Level 1:colcon.colcon_core.package_identification:_identify(src/robot_description) by extension 'ignore'
[0.950s] Level 1:colcon.colcon_core.package_identification:_identify(src/robot_description) by extension 'ignore_ament_install'
[0.951s] Level 1:colcon.colcon_core.package_identification:_identify(src/robot_description) by extensions ['colcon_pkg']
[0.951s] Level 1:colcon.colcon_core.package_identification:_identify(src/robot_description) by extension 'colcon_pkg'
[0.951s] Level 1:colcon.colcon_core.package_identification:_identify(src/robot_description) by extensions ['colcon_meta']
[0.951s] Level 1:colcon.colcon_core.package_identification:_identify(src/robot_description) by extension 'colcon_meta'
[0.951s] Level 1:colcon.colcon_core.package_identification:_identify(src/robot_description) by extensions ['ros']
[0.951s] Level 1:colcon.colcon_core.package_identification:_identify(src/robot_description) by extension 'ros'
[0.958s] DEBUG:colcon.colcon_core.package_identification:Package 'src/robot_description' with type 'ros.ament_cmake' and name 'robot_description'
[0.959s] Level 1:colcon.colcon_core.package_identification:_identify(src/rover_rectangular) by extensions ['ignore', 'ignore_ament_install']
[0.959s] Level 1:colcon.colcon_core.package_identification:_identify(src/rover_rectangular) by extension 'ignore'
[0.959s] Level 1:colcon.colcon_core.package_identification:_identify(src/rover_rectangular) by extension 'ignore_ament_install'
[0.959s] Level 1:colcon.colcon_core.package_identification:_identify(src/rover_rectangular) by extensions ['colcon_pkg']
[0.959s] Level 1:colcon.colcon_core.package_identification:_identify(src/rover_rectangular) by extension 'colcon_pkg'
[0.959s] Level 1:colcon.colcon_core.package_identification:_identify(src/rover_rectangular) by extensions ['colcon_meta']
[0.959s] Level 1:colcon.colcon_core.package_identification:_identify(src/rover_rectangular) by extension 'colcon_meta'
[0.960s] Level 1:colcon.colcon_core.package_identification:_identify(src/rover_rectangular) by extensions ['ros']
[0.960s] Level 1:colcon.colcon_core.package_identification:_identify(src/rover_rectangular) by extension 'ros'
[0.982s] DEBUG:colcon.colcon_core.package_identification:Package 'src/rover_rectangular' with type 'ros.ament_python' and name 'rover_rectangular'
[0.982s] Level 1:colcon.colcon_core.package_discovery:discover_packages(recursive) using defaults
[0.983s] Level 1:colcon.colcon_core.package_discovery:discover_packages(ignore) discover
[0.983s] Level 1:colcon.colcon_core.package_discovery:discover_packages(ignore) using defaults
[0.983s] Level 1:colcon.colcon_core.package_discovery:discover_packages(path) discover
[0.983s] Level 1:colcon.colcon_core.package_discovery:discover_packages(path) using defaults
[1.191s] Level 1:colcon.colcon_core.package_discovery:discover_packages(prefix_path) check parameters
[1.192s] Level 1:colcon.colcon_core.package_discovery:discover_packages(prefix_path) discover
[1.227s] DEBUG:colcon.colcon_installed_package_information.package_discovery:Found 2 installed packages in /home/ak/cep_ws/install
[1.229s] DEBUG:colcon.colcon_installed_package_information.package_discovery:Found 2 installed packages in /home/ak/ros2_ws/install
[1.245s] DEBUG:colcon.colcon_installed_package_information.package_discovery:Found 322 installed packages in /opt/ros/jazzy
[1.251s] Level 1:colcon.colcon_core.package_discovery:discover_packages(prefix_path) using defaults
[1.669s] Level 5:colcon.colcon_core.verb:set package 'robot_description' build argument 'cmake_args' from command line to 'None'
[1.669s] Level 5:colcon.colcon_core.verb:set package 'robot_description' build argument 'cmake_target' from command line to 'None'
[1.670s] Level 5:colcon.colcon_core.verb:set package 'robot_description' build argument 'cmake_target_skip_unavailable' from command line to 'False'
[1.670s] Level 5:colcon.colcon_core.verb:set package 'robot_description' build argument 'cmake_clean_cache' from command line to 'False'
[1.670s] Level 5:colcon.colcon_core.verb:set package 'robot_description' build argument 'cmake_clean_first' from command line to 'False'
[1.670s] Level 5:colcon.colcon_core.verb:set package 'robot_description' build argument 'cmake_force_configure' from command line to 'False'
[1.670s] Level 5:colcon.colcon_core.verb:set package 'robot_description' build argument 'ament_cmake_args' from command line to 'None'
[1.670s] Level 5:colcon.colcon_core.verb:set package 'robot_description' build argument 'catkin_cmake_args' from command line to 'None'
[1.670s] Level 5:colcon.colcon_core.verb:set package 'robot_description' build argument 'catkin_skip_building_tests' from command line to 'False'
[1.670s] DEBUG:colcon.colcon_core.verb:Building package 'robot_description' with the following arguments: {'ament_cmake_args': None, 'build_base': '/home/ak/cep_ws/build/robot_description', 'catkin_cmake_args': None, 'catkin_skip_building_tests': False, 'cmake_args': None, 'cmake_clean_cache': False, 'cmake_clean_first': False, 'cmake_force_configure': False, 'cmake_target': None, 'cmake_target_skip_unavailable': False, 'install_base': '/home/ak/cep_ws/install/robot_description', 'merge_install': False, 'path': '/home/ak/cep_ws/src/robot_description', 'symlink_install': False, 'test_result_base': None}
[1.671s] Level 5:colcon.colcon_core.verb:set package 'rover_rectangular' build argument 'cmake_args' from command line to 'None'
[1.671s] Level 5:colcon.colcon_core.verb:set package 'rover_rectangular' build argument 'cmake_target' from command line to 'None'
[1.671s] Level 5:colcon.colcon_core.verb:set package 'rover_rectangular' build argument 'cmake_target_skip_unavailable' from command line to 'False'
[1.671s] Level 5:colcon.colcon_core.verb:set package 'rover_rectangular' build argument 'cmake_clean_cache' from command line to 'False'
[1.671s] Level 5:colcon.colcon_core.verb:set package 'rover_rectangular' build argument 'cmake_clean_first' from command line to 'False'
[1.671s] Level 5:colcon.colcon_core.verb:set package 'rover_rectangular' build argument 'cmake_force_configure' from command line to 'False'
[1.671s] Level 5:colcon.colcon_core.verb:set package 'rover_rectangular' build argument 'ament_cmake_args' from command line to 'None'
[1.672s] Level 5:colcon.colcon_core.verb:set package 'rover_rectangular' build argument 'catkin_cmake_args' from command line to 'None'
[1.672s] Level 5:colcon.colcon_core.verb:set package 'rover_rectangular' build argument 'catkin_skip_building_tests' from command line to 'False'
[1.672s] DEBUG:colcon.colcon_core.verb:Building package 'rover_rectangular' with the following arguments: {'ament_cmake_args': None, 'build_base': '/home/ak/cep_ws/build/rover_rectangular', 'catkin_cmake_args': None, 'catkin_skip_building_tests': False, 'cmake_args': None, 'cmake_clean_cache': False, 'cmake_clean_first': False, 'cmake_force_configure': False, 'cmake_target': None, 'cmake_target_skip_unavailable': False, 'install_base': '/home/ak/cep_ws/install/rover_rectangular', 'merge_install': False, 'path': '/home/ak/cep_ws/src/rover_rectangular', 'symlink_install': False, 'test_result_base': None}
[1.672s] INFO:colcon.colcon_core.executor:Executing jobs using 'parallel' executor
[1.673s] DEBUG:colcon.colcon_parallel_executor.executor.parallel:run_until_complete
[1.674s] INFO:colcon.colcon_ros.task.ament_cmake.build:Building ROS package in '/home/ak/cep_ws/src/robot_description' with build type 'ament_cmake'
[1.674s] INFO:colcon.colcon_cmake.task.cmake.build:Building CMake package in '/home/ak/cep_ws/src/robot_description'
[1.682s] INFO:colcon.colcon_core.plugin_system:Skipping extension 'colcon_core.shell.bat': Not used on non-Windows systems
[1.682s] INFO:colcon.colcon_core.shell:Skip shell extension 'powershell' for command environment: Not usable outside of PowerShell
[1.682s] DEBUG:colcon.colcon_core.shell:Skip shell extension 'dsv' for command environment
[1.719s] INFO:colcon.colcon_ros.task.ament_python.build:Building ROS package in '/home/ak/cep_ws/src/rover_rectangular' with build type 'ament_python'
[1.720s] Level 1:colcon.colcon_core.shell:create_environment_hook('rover_rectangular', 'ament_prefix_path')
[1.721s] INFO:colcon.colcon_core.shell:Creating environment hook '/home/ak/cep_ws/install/rover_rectangular/share/rover_rectangular/hook/ament_prefix_path.ps1'
[1.740s] INFO:colcon.colcon_core.shell:Creating environment descriptor '/home/ak/cep_ws/install/rover_rectangular/share/rover_rectangular/hook/ament_prefix_path.dsv'
[1.743s] INFO:colcon.colcon_core.shell:Creating environment hook '/home/ak/cep_ws/install/rover_rectangular/share/rover_rectangular/hook/ament_prefix_path.sh'
[1.748s] INFO:colcon.colcon_core.shell:Skip shell extension 'powershell' for command environment: Not usable outside of PowerShell
[1.748s] DEBUG:colcon.colcon_core.shell:Skip shell extension 'dsv' for command environment
[1.859s] DEBUG:colcon.colcon_core.event_handler.log_command:Invoking command in '/home/ak/cep_ws/build/robot_description': CMAKE_PREFIX_PATH=${CMAKE_PREFIX_PATH}:/home/ak/cep_ws/install/rover_rectangular:/home/ak/ros2_ws/install/my_robot_controller:/opt/ros/jazzy DEBUGINFOD_URLS=https://debuginfod.ubuntu.com /usr/bin/cmake --build /home/ak/cep_ws/build/robot_description -- -j8 -l8
[2.552s] INFO:colcon.colcon_core.task.python.build:Building Python package in '/home/ak/cep_ws/src/rover_rectangular'
[2.552s] INFO:colcon.colcon_core.shell:Skip shell extension 'powershell' for command environment: Not usable outside of PowerShell
[2.553s] DEBUG:colcon.colcon_core.shell:Skip shell extension 'dsv' for command environment
[2.565s] DEBUG:colcon.colcon_core.event_handler.log_command:Invoked command in '/home/ak/cep_ws/build/robot_description' returned '0': CMAKE_PREFIX_PATH=${CMAKE_PREFIX_PATH}:/home/ak/cep_ws/install/rover_rectangular:/home/ak/ros2_ws/install/my_robot_controller:/opt/ros/jazzy DEBUGINFOD_URLS=https://debuginfod.ubuntu.com /usr/bin/cmake --build /home/ak/cep_ws/build/robot_description -- -j8 -l8
[2.617s] DEBUG:colcon.colcon_core.event_handler.log_command:Invoking command in '/home/ak/cep_ws/build/robot_description': CMAKE_PREFIX_PATH=${CMAKE_PREFIX_PATH}:/home/ak/cep_ws/install/rover_rectangular:/home/ak/ros2_ws/install/my_robot_controller:/opt/ros/jazzy DEBUGINFOD_URLS=https://debuginfod.ubuntu.com /usr/bin/cmake --install /home/ak/cep_ws/build/robot_description
[2.805s] Level 1:colcon.colcon_core.environment:create_environment_scripts_only(robot_description)
[2.807s] DEBUG:colcon.colcon_core.event_handler.log_command:Invoked command in '/home/ak/cep_ws/build/robot_description' returned '0': CMAKE_PREFIX_PATH=${CMAKE_PREFIX_PATH}:/home/ak/cep_ws/install/rover_rectangular:/home/ak/ros2_ws/install/my_robot_controller:/opt/ros/jazzy DEBUGINFOD_URLS=https://debuginfod.ubuntu.com /usr/bin/cmake --install /home/ak/cep_ws/build/robot_description
[2.822s] Level 1:colcon.colcon_core.environment:checking '/home/ak/cep_ws/install/robot_description' for CMake module files
[2.826s] Level 1:colcon.colcon_core.environment:checking '/home/ak/cep_ws/install/robot_description' for CMake config files
[2.829s] Level 1:colcon.colcon_core.shell:create_environment_hook('robot_description', 'cmake_prefix_path')
[2.829s] INFO:colcon.colcon_core.shell:Creating environment hook '/home/ak/cep_ws/install/robot_description/share/robot_description/hook/cmake_prefix_path.ps1'
[2.832s] INFO:colcon.colcon_core.shell:Creating environment descriptor '/home/ak/cep_ws/install/robot_description/share/robot_description/hook/cmake_prefix_path.dsv'
[2.833s] INFO:colcon.colcon_core.shell:Creating environment hook '/home/ak/cep_ws/install/robot_description/share/robot_description/hook/cmake_prefix_path.sh'
[2.836s] Level 1:colcon.colcon_core.environment:checking '/home/ak/cep_ws/install/robot_description/bin'
[2.837s] Level 1:colcon.colcon_core.environment:checking '/home/ak/cep_ws/install/robot_description/lib/pkgconfig/robot_description.pc'
[2.838s] Level 1:colcon.colcon_core.environment:checking '/home/ak/cep_ws/install/robot_description/lib/python3.12/site-packages'
[2.839s] Level 1:colcon.colcon_core.environment:checking '/home/ak/cep_ws/install/robot_description/bin'
[2.841s] INFO:colcon.colcon_core.shell:Creating package script '/home/ak/cep_ws/install/robot_description/share/robot_description/package.ps1'
[2.847s] INFO:colcon.colcon_core.shell:Creating package descriptor '/home/ak/cep_ws/install/robot_description/share/robot_description/package.dsv'
[2.851s] INFO:colcon.colcon_core.shell:Creating package script '/home/ak/cep_ws/install/robot_description/share/robot_description/package.sh'
[2.856s] INFO:colcon.colcon_core.shell:Creating package script '/home/ak/cep_ws/install/robot_description/share/robot_description/package.bash'
[2.861s] INFO:colcon.colcon_core.shell:Creating package script '/home/ak/cep_ws/install/robot_description/share/robot_description/package.zsh'
[2.865s] Level 1:colcon.colcon_core.environment:create_file_with_runtime_dependencies(/home/ak/cep_ws/install/robot_description/share/colcon-core/packages/robot_description)
[2.867s] Level 1:colcon.colcon_core.environment:create_environment_scripts_only(robot_description)
[2.868s] Level 1:colcon.colcon_core.environment:checking '/home/ak/cep_ws/install/robot_description' for CMake module files
[2.870s] Level 1:colcon.colcon_core.environment:checking '/home/ak/cep_ws/install/robot_description' for CMake config files
[2.872s] Level 1:colcon.colcon_core.shell:create_environment_hook('robot_description', 'cmake_prefix_path')
[2.873s] INFO:colcon.colcon_core.shell:Creating environment hook '/home/ak/cep_ws/install/robot_description/share/robot_description/hook/cmake_prefix_path.ps1'
[2.875s] INFO:colcon.colcon_core.shell:Creating environment descriptor '/home/ak/cep_ws/install/robot_description/share/robot_description/hook/cmake_prefix_path.dsv'
[2.877s] INFO:colcon.colcon_core.shell:Creating environment hook '/home/ak/cep_ws/install/robot_description/share/robot_description/hook/cmake_prefix_path.sh'
[2.880s] Level 1:colcon.colcon_core.environment:checking '/home/ak/cep_ws/install/robot_description/bin'
[2.880s] Level 1:colcon.colcon_core.environment:checking '/home/ak/cep_ws/install/robot_description/lib/pkgconfig/robot_description.pc'
[2.881s] Level 1:colcon.colcon_core.environment:checking '/home/ak/cep_ws/install/robot_description/lib/python3.12/site-packages'
[2.882s] Level 1:colcon.colcon_core.environment:checking '/home/ak/cep_ws/install/robot_description/bin'
[2.883s] INFO:colcon.colcon_core.shell:Creating package script '/home/ak/cep_ws/install/robot_description/share/robot_description/package.ps1'
[2.885s] INFO:colcon.colcon_core.shell:Creating package descriptor '/home/ak/cep_ws/install/robot_description/share/robot_description/package.dsv'
[2.887s] INFO:colcon.colcon_core.shell:Creating package script '/home/ak/cep_ws/install/robot_description/share/robot_description/package.sh'
[2.889s] INFO:colcon.colcon_core.shell:Creating package script '/home/ak/cep_ws/install/robot_description/share/robot_description/package.bash'
[2.890s] INFO:colcon.colcon_core.shell:Creating package script '/home/ak/cep_ws/install/robot_description/share/robot_description/package.zsh'
[2.891s] Level 1:colcon.colcon_core.environment:create_file_with_runtime_dependencies(/home/ak/cep_ws/install/robot_description/share/colcon-core/packages/robot_description)
[8.694s] DEBUG:colcon.colcon_core.event_handler.log_command:Invoking command in '/home/ak/cep_ws/src/rover_rectangular': DEBUGINFOD_URLS=https://debuginfod.ubuntu.com PYTHONPATH=/home/ak/cep_ws/build/rover_rectangular/prefix_override:/usr/lib/python3/dist-packages/colcon_core/task/python/colcon_distutils_commands:/home/ak/cep_ws/install/rover_rectangular/lib/python3.12/site-packages:${PYTHONPATH} /usr/bin/python3 -W ignore:setup.py install is deprecated -W ignore:easy_install command is deprecated setup.py egg_info --egg-base ../../build/rover_rectangular build --build-base /home/ak/cep_ws/build/rover_rectangular/build install --record /home/ak/cep_ws/build/rover_rectangular/install.log --single-version-externally-managed install_data
[9.701s] Level 1:colcon.colcon_core.environment:checking '/home/ak/cep_ws/install/rover_rectangular' for CMake module files
[9.702s] DEBUG:colcon.colcon_core.event_handler.log_command:Invoked command in '/home/ak/cep_ws/src/rover_rectangular' returned '0': DEBUGINFOD_URLS=https://debuginfod.ubuntu.com PYTHONPATH=/home/ak/cep_ws/build/rover_rectangular/prefix_override:/usr/lib/python3/dist-packages/colcon_core/task/python/colcon_distutils_commands:/home/ak/cep_ws/install/rover_rectangular/lib/python3.12/site-packages:${PYTHONPATH} /usr/bin/python3 -W ignore:setup.py install is deprecated -W ignore:easy_install command is deprecated setup.py egg_info --egg-base ../../build/rover_rectangular build --build-base /home/ak/cep_ws/build/rover_rectangular/build install --record /home/ak/cep_ws/build/rover_rectangular/install.log --single-version-externally-managed install_data
[9.703s] Level 1:colcon.colcon_core.environment:checking '/home/ak/cep_ws/install/rover_rectangular' for CMake config files
[9.704s] Level 1:colcon.colcon_core.environment:checking '/home/ak/cep_ws/install/rover_rectangular/lib'
[9.704s] Level 1:colcon.colcon_core.environment:checking '/home/ak/cep_ws/install/rover_rectangular/bin'
[9.704s] Level 1:colcon.colcon_core.environment:checking '/home/ak/cep_ws/install/rover_rectangular/lib/pkgconfig/rover_rectangular.pc'
[9.705s] Level 1:colcon.colcon_core.environment:checking '/home/ak/cep_ws/install/rover_rectangular/lib/python3.12/site-packages'
[9.705s] Level 1:colcon.colcon_core.shell:create_environment_hook('rover_rectangular', 'pythonpath')
[9.705s] INFO:colcon.colcon_core.shell:Creating environment hook '/home/ak/cep_ws/install/rover_rectangular/share/rover_rectangular/hook/pythonpath.ps1'
[9.706s] INFO:colcon.colcon_core.shell:Creating environment descriptor '/home/ak/cep_ws/install/rover_rectangular/share/rover_rectangular/hook/pythonpath.dsv'
[9.707s] INFO:colcon.colcon_core.shell:Creating environment hook '/home/ak/cep_ws/install/rover_rectangular/share/rover_rectangular/hook/pythonpath.sh'
[9.708s] Level 1:colcon.colcon_core.environment:checking '/home/ak/cep_ws/install/rover_rectangular/bin'
[9.708s] Level 1:colcon.colcon_core.environment:create_environment_scripts_only(rover_rectangular)
[9.708s] INFO:colcon.colcon_core.shell:Creating package script '/home/ak/cep_ws/install/rover_rectangular/share/rover_rectangular/package.ps1'
[9.709s] INFO:colcon.colcon_core.shell:Creating package descriptor '/home/ak/cep_ws/install/rover_rectangular/share/rover_rectangular/package.dsv'
[9.710s] INFO:colcon.colcon_core.shell:Creating package script '/home/ak/cep_ws/install/rover_rectangular/share/rover_rectangular/package.sh'
[9.711s] INFO:colcon.colcon_core.shell:Creating package script '/home/ak/cep_ws/install/rover_rectangular/share/rover_rectangular/package.bash'
[9.712s] INFO:colcon.colcon_core.shell:Creating package script '/home/ak/cep_ws/install/rover_rectangular/share/rover_rectangular/package.zsh'
[9.712s] Level 1:colcon.colcon_core.environment:create_file_with_runtime_dependencies(/home/ak/cep_ws/install/rover_rectangular/share/colcon-core/packages/rover_rectangular)
[9.713s] DEBUG:colcon.colcon_parallel_executor.executor.parallel:closing loop
[9.713s] DEBUG:colcon.colcon_parallel_executor.executor.parallel:loop closed
[9.713s] DEBUG:colcon.colcon_parallel_executor.executor.parallel:run_until_complete finished with '0'
[9.713s] DEBUG:colcon.colcon_core.event_reactor:joining thread
[9.773s] INFO:colcon.colcon_core.plugin_system:Skipping extension 'colcon_notification.desktop_notification.terminal_notifier': Not used on non-Darwin systems
[9.773s] INFO:colcon.colcon_core.plugin_system:Skipping extension 'colcon_notification.desktop_notification.win32': Not used on non-Windows systems
[9.773s] INFO:colcon.colcon_notification.desktop_notification:Sending desktop notification using 'notify2'
[9.856s] DEBUG:colcon.colcon_core.event_reactor:joined thread
[9.857s] INFO:colcon.colcon_core.shell:Creating prefix script '/home/ak/cep_ws/install/local_setup.ps1'
[9.862s] INFO:colcon.colcon_core.shell:Creating prefix util module '/home/ak/cep_ws/install/_local_setup_util_ps1.py'
[9.879s] INFO:colcon.colcon_core.shell:Creating prefix chain script '/home/ak/cep_ws/install/setup.ps1'
[9.884s] INFO:colcon.colcon_core.shell:Creating prefix script '/home/ak/cep_ws/install/local_setup.sh'
[9.891s] INFO:colcon.colcon_core.shell:Creating prefix util module '/home/ak/cep_ws/install/_local_setup_util_sh.py'
[9.893s] INFO:colcon.colcon_core.shell:Creating prefix chain script '/home/ak/cep_ws/install/setup.sh'
[9.898s] INFO:colcon.colcon_core.shell:Creating prefix script '/home/ak/cep_ws/install/local_setup.bash'
[9.900s] INFO:colcon.colcon_core.shell:Creating prefix chain script '/home/ak/cep_ws/install/setup.bash'
[9.905s] INFO:colcon.colcon_core.shell:Creating prefix script '/home/ak/cep_ws/install/local_setup.zsh'
[9.908s] INFO:colcon.colcon_core.shell:Creating prefix chain script '/home/ak/cep_ws/install/setup.zsh'
