[0.022s] Invoking command in '/home/ak/cep_ws/build/robot_description': CMAKE_PREFIX_PATH=${CMAKE_PREFIX_PATH}:/home/ak/ros2_ws/install/my_robot_controller:/opt/ros/jazzy DEBUGINFOD_URLS=https://debuginfod.ubuntu.com /usr/bin/cmake /home/ak/cep_ws/src/robot_description -DCMAKE_INSTALL_PREFIX=/home/ak/cep_ws/install/robot_description
[0.661s] -- The C compiler identification is GNU 13.3.0
[1.452s] -- The CXX compiler identification is GNU 13.3.0
[1.482s] -- Detecting C compiler ABI info
[1.638s] -- Detecting C compiler ABI info - done
[1.651s] -- Check for working C compiler: /usr/bin/cc - skipped
[1.652s] -- Detecting C compile features
[1.654s] -- Detecting C compile features - done
[1.668s] -- Detecting CXX compiler ABI info
[1.820s] -- Detecting CXX compiler ABI info - done
[1.835s] -- Check for working CXX compiler: /usr/bin/c++ - skipped
[1.835s] -- Detecting CXX compile features
[1.836s] -- Detecting CXX compile features - done
[1.994s] -- Found ament_cmake: 2.5.5 (/opt/ros/jazzy/share/ament_cmake/cmake)
[2.365s] -- Found Python3: /usr/bin/python3 (found version "3.12.3") found components: Interpreter 
[3.093s] -- Found ament_lint_auto: 0.17.4 (/opt/ros/jazzy/share/ament_lint_auto/cmake)
[3.622s] -- Added test 'flake8' to check Python code syntax and style conventions
[3.622s] -- Configured 'flake8' exclude dirs and/or files: 
[3.628s] -- Added test 'lint_cmake' to check CMake code style
[3.633s] -- Added test 'pep257' to check Python code against some of the docstring style conventions in PEP 257
[3.641s] -- Added test 'xmllint' to check XML markup files
[3.651s] -- Configuring done (3.3s)
[3.664s] -- Generating done (0.0s)
[3.671s] -- Build files have been written to: /home/ak/cep_ws/build/robot_description
[3.690s] Invoked command in '/home/ak/cep_ws/build/robot_description' returned '0': CMAKE_PREFIX_PATH=${CMAKE_PREFIX_PATH}:/home/ak/ros2_ws/install/my_robot_controller:/opt/ros/jazzy DEBUGINFOD_URLS=https://debuginfod.ubuntu.com /usr/bin/cmake /home/ak/cep_ws/src/robot_description -DCMAKE_INSTALL_PREFIX=/home/ak/cep_ws/install/robot_description
[3.695s] Invoking command in '/home/ak/cep_ws/build/robot_description': CMAKE_PREFIX_PATH=${CMAKE_PREFIX_PATH}:/home/ak/ros2_ws/install/my_robot_controller:/opt/ros/jazzy DEBUGINFOD_URLS=https://debuginfod.ubuntu.com /usr/bin/cmake --build /home/ak/cep_ws/build/robot_description -- -j8 -l8
[3.866s] Invoked command in '/home/ak/cep_ws/build/robot_description' returned '0': CMAKE_PREFIX_PATH=${CMAKE_PREFIX_PATH}:/home/ak/ros2_ws/install/my_robot_controller:/opt/ros/jazzy DEBUGINFOD_URLS=https://debuginfod.ubuntu.com /usr/bin/cmake --build /home/ak/cep_ws/build/robot_description -- -j8 -l8
[3.909s] Invoking command in '/home/ak/cep_ws/build/robot_description': CMAKE_PREFIX_PATH=${CMAKE_PREFIX_PATH}:/home/ak/ros2_ws/install/my_robot_controller:/opt/ros/jazzy DEBUGINFOD_URLS=https://debuginfod.ubuntu.com /usr/bin/cmake --install /home/ak/cep_ws/build/robot_description
[3.950s] -- Install configuration: ""
[3.950s] -- Installing: /home/ak/cep_ws/install/robot_description/share/ament_index/resource_index/package_run_dependencies/robot_description
[3.951s] -- Installing: /home/ak/cep_ws/install/robot_description/share/ament_index/resource_index/parent_prefix_path/robot_description
[3.951s] -- Installing: /home/ak/cep_ws/install/robot_description/share/robot_description/environment/ament_prefix_path.sh
[3.952s] -- Installing: /home/ak/cep_ws/install/robot_description/share/robot_description/environment/ament_prefix_path.dsv
[3.952s] -- Installing: /home/ak/cep_ws/install/robot_description/share/robot_description/environment/path.sh
[3.953s] -- Installing: /home/ak/cep_ws/install/robot_description/share/robot_description/environment/path.dsv
[3.953s] -- Installing: /home/ak/cep_ws/install/robot_description/share/robot_description/local_setup.bash
[3.953s] -- Installing: /home/ak/cep_ws/install/robot_description/share/robot_description/local_setup.sh
[3.954s] -- Installing: /home/ak/cep_ws/install/robot_description/share/robot_description/local_setup.zsh
[3.954s] -- Installing: /home/ak/cep_ws/install/robot_description/share/robot_description/local_setup.dsv
[3.954s] -- Installing: /home/ak/cep_ws/install/robot_description/share/robot_description/package.dsv
[3.955s] -- Installing: /home/ak/cep_ws/install/robot_description/share/ament_index/resource_index/packages/robot_description
[3.955s] -- Installing: /home/ak/cep_ws/install/robot_description/share/robot_description/cmake/robot_descriptionConfig.cmake
[3.956s] -- Installing: /home/ak/cep_ws/install/robot_description/share/robot_description/cmake/robot_descriptionConfig-version.cmake
[3.956s] -- Installing: /home/ak/cep_ws/install/robot_description/share/robot_description/package.xml
[3.960s] Invoked command in '/home/ak/cep_ws/build/robot_description' returned '0': CMAKE_PREFIX_PATH=${CMAKE_PREFIX_PATH}:/home/ak/ros2_ws/install/my_robot_controller:/opt/ros/jazzy DEBUGINFOD_URLS=https://debuginfod.ubuntu.com /usr/bin/cmake --install /home/ak/cep_ws/build/robot_description
