[0.150s] Invoking command in '/home/ak/cep_ws/build/robot_description': CMAKE_PREFIX_PATH=${CMAKE_PREFIX_PATH}:/home/ak/cep_ws/install/rover_rectangular:/home/ak/ros2_ws/install/my_robot_controller:/opt/ros/jazzy DEBUGINFOD_URLS=https://debuginfod.ubuntu.com /usr/bin/cmake --build /home/ak/cep_ws/build/robot_description -- -j8 -l8
[1.014s] Invoked command in '/home/ak/cep_ws/build/robot_description' returned '0': CMAKE_PREFIX_PATH=${CMAKE_PREFIX_PATH}:/home/ak/cep_ws/install/rover_rectangular:/home/ak/ros2_ws/install/my_robot_controller:/opt/ros/jazzy DEBUGINFOD_URLS=https://debuginfod.ubuntu.com /usr/bin/cmake --build /home/ak/cep_ws/build/robot_description -- -j8 -l8
[1.088s] Invoking command in '/home/ak/cep_ws/build/robot_description': CMAKE_PREFIX_PATH=${CMAKE_PREFIX_PATH}:/home/ak/cep_ws/install/rover_rectangular:/home/ak/ros2_ws/install/my_robot_controller:/opt/ros/jazzy DEBUGINFOD_URLS=https://debuginfod.ubuntu.com /usr/bin/cmake --install /home/ak/cep_ws/build/robot_description
[1.123s] -- Install configuration: ""
[1.137s] -- Execute custom install script
[1.157s] -- Up-to-date symlink: /home/ak/cep_ws/install/robot_description/share/robot_description/launch/multi_robot.launch.py
[1.158s] -- Up-to-date symlink: /home/ak/cep_ws/install/robot_description/share/robot_description/launch/sim.launch.py
[1.168s] -- Up-to-date symlink: /home/ak/cep_ws/install/robot_description/share/robot_description/urdf/manipulator.urdf.xacro
[1.169s] -- Up-to-date symlink: /home/ak/cep_ws/install/robot_description/share/robot_description/urdf/rover.urdf.xacro
[1.170s] -- Up-to-date symlink: /home/ak/cep_ws/install/robot_description/share/ament_index/resource_index/package_run_dependencies/robot_description
[1.179s] -- Up-to-date symlink: /home/ak/cep_ws/install/robot_description/share/ament_index/resource_index/parent_prefix_path/robot_description
[1.190s] -- Up-to-date symlink: /home/ak/cep_ws/install/robot_description/share/robot_description/environment/ament_prefix_path.sh
[1.191s] -- Up-to-date symlink: /home/ak/cep_ws/install/robot_description/share/robot_description/environment/ament_prefix_path.dsv
[1.194s] -- Up-to-date symlink: /home/ak/cep_ws/install/robot_description/share/robot_description/environment/path.sh
[1.194s] -- Up-to-date symlink: /home/ak/cep_ws/install/robot_description/share/robot_description/environment/path.dsv
[1.196s] -- Up-to-date symlink: /home/ak/cep_ws/install/robot_description/share/robot_description/local_setup.bash
[1.197s] -- Up-to-date symlink: /home/ak/cep_ws/install/robot_description/share/robot_description/local_setup.sh
[1.198s] -- Up-to-date symlink: /home/ak/cep_ws/install/robot_description/share/robot_description/local_setup.zsh
[1.199s] -- Up-to-date symlink: /home/ak/cep_ws/install/robot_description/share/robot_description/local_setup.dsv
[1.200s] -- Symlinking: /home/ak/cep_ws/install/robot_description/share/robot_description/package.dsv
[1.246s] -- Up-to-date symlink: /home/ak/cep_ws/install/robot_description/share/ament_index/resource_index/packages/robot_description
[1.257s] -- Up-to-date symlink: /home/ak/cep_ws/install/robot_description/share/robot_description/cmake/robot_descriptionConfig.cmake
[1.258s] -- Up-to-date symlink: /home/ak/cep_ws/install/robot_description/share/robot_description/cmake/robot_descriptionConfig-version.cmake
[1.258s] -- Up-to-date symlink: /home/ak/cep_ws/install/robot_description/share/robot_description/package.xml
[1.265s] Invoked command in '/home/ak/cep_ws/build/robot_description' returned '0': CMAKE_PREFIX_PATH=${CMAKE_PREFIX_PATH}:/home/ak/cep_ws/install/rover_rectangular:/home/ak/ros2_ws/install/my_robot_controller:/opt/ros/jazzy DEBUGINFOD_URLS=https://debuginfod.ubuntu.com /usr/bin/cmake --install /home/ak/cep_ws/build/robot_description
