[0.119s] Invoking command in '/home/ak/cep_ws/build/robot_description': CMAKE_PREFIX_PATH=${CMAKE_PREFIX_PATH}:/home/ak/cep_ws/install/rover_rectangular:/home/ak/oel_ws/install/l_shape_rover:/home/ak/ros2_ws/install/my_robot_controller:/opt/ros/jazzy DEBUGINFOD_URLS=https://debuginfod.ubuntu.com /usr/bin/cmake --build /home/ak/cep_ws/build/robot_description -- -j8 -l8
[0.961s] Invoked command in '/home/ak/cep_ws/build/robot_description' returned '0': CMAKE_PREFIX_PATH=${CMAKE_PREFIX_PATH}:/home/ak/cep_ws/install/rover_rectangular:/home/ak/oel_ws/install/l_shape_rover:/home/ak/ros2_ws/install/my_robot_controller:/opt/ros/jazzy DEBUGINFOD_URLS=https://debuginfod.ubuntu.com /usr/bin/cmake --build /home/ak/cep_ws/build/robot_description -- -j8 -l8
[1.056s] Invoking command in '/home/ak/cep_ws/build/robot_description': CMAKE_PREFIX_PATH=${CMAKE_PREFIX_PATH}:/home/ak/cep_ws/install/rover_rectangular:/home/ak/oel_ws/install/l_shape_rover:/home/ak/ros2_ws/install/my_robot_controller:/opt/ros/jazzy DEBUGINFOD_URLS=https://debuginfod.ubuntu.com /usr/bin/cmake --install /home/ak/cep_ws/build/robot_description
[1.100s] -- Install configuration: ""
[1.103s] -- Execute custom install script
[1.105s] -- Up-to-date symlink: /home/ak/cep_ws/install/robot_description/share/robot_description/launch/multi_robot.launch.py
[1.105s] -- Up-to-date symlink: /home/ak/cep_ws/install/robot_description/share/robot_description/launch/sim.launch.py
[1.107s] -- Up-to-date symlink: /home/ak/cep_ws/install/robot_description/share/robot_description/urdf/manipulator.urdf.xacro
[1.109s] -- Up-to-date symlink: /home/ak/cep_ws/install/robot_description/share/robot_description/urdf/rover.urdf.xacro
[1.110s] -- Up-to-date symlink: /home/ak/cep_ws/install/robot_description/share/ament_index/resource_index/package_run_dependencies/robot_description
[1.112s] -- Up-to-date symlink: /home/ak/cep_ws/install/robot_description/share/ament_index/resource_index/parent_prefix_path/robot_description
[1.114s] -- Up-to-date symlink: /home/ak/cep_ws/install/robot_description/share/robot_description/environment/ament_prefix_path.sh
[1.115s] -- Up-to-date symlink: /home/ak/cep_ws/install/robot_description/share/robot_description/environment/ament_prefix_path.dsv
[1.117s] -- Up-to-date symlink: /home/ak/cep_ws/install/robot_description/share/robot_description/environment/path.sh
[1.118s] -- Up-to-date symlink: /home/ak/cep_ws/install/robot_description/share/robot_description/environment/path.dsv
[1.119s] -- Up-to-date symlink: /home/ak/cep_ws/install/robot_description/share/robot_description/local_setup.bash
[1.119s] -- Up-to-date symlink: /home/ak/cep_ws/install/robot_description/share/robot_description/local_setup.sh
[1.123s] -- Up-to-date symlink: /home/ak/cep_ws/install/robot_description/share/robot_description/local_setup.zsh
[1.123s] -- Up-to-date symlink: /home/ak/cep_ws/install/robot_description/share/robot_description/local_setup.dsv
[1.124s] -- Symlinking: /home/ak/cep_ws/install/robot_description/share/robot_description/package.dsv
[1.176s] -- Up-to-date symlink: /home/ak/cep_ws/install/robot_description/share/ament_index/resource_index/packages/robot_description
[1.181s] -- Up-to-date symlink: /home/ak/cep_ws/install/robot_description/share/robot_description/cmake/robot_descriptionConfig.cmake
[1.182s] -- Up-to-date symlink: /home/ak/cep_ws/install/robot_description/share/robot_description/cmake/robot_descriptionConfig-version.cmake
[1.182s] -- Up-to-date symlink: /home/ak/cep_ws/install/robot_description/share/robot_description/package.xml
[1.191s] Invoked command in '/home/ak/cep_ws/build/robot_description' returned '0': CMAKE_PREFIX_PATH=${CMAKE_PREFIX_PATH}:/home/ak/cep_ws/install/rover_rectangular:/home/ak/oel_ws/install/l_shape_rover:/home/ak/ros2_ws/install/my_robot_controller:/opt/ros/jazzy DEBUGINFOD_URLS=https://debuginfod.ubuntu.com /usr/bin/cmake --install /home/ak/cep_ws/build/robot_description
