[0.095s] Invoking command in '/home/ak/cep_ws/build/robot_description': CMAKE_PREFIX_PATH=${CMAKE_PREFIX_PATH}:/home/ak/cep_ws/install/rover_rectangular:/home/ak/oel_ws/install/l_shape_rover:/home/ak/ros2_ws/install/my_robot_controller:/opt/ros/jazzy DEBUGINFOD_URLS=https://debuginfod.ubuntu.com /usr/bin/cmake --build /home/ak/cep_ws/build/robot_description -- -j8 -l8
[0.675s] Invoked command in '/home/ak/cep_ws/build/robot_description' returned '0': CMAKE_PREFIX_PATH=${CMAKE_PREFIX_PATH}:/home/ak/cep_ws/install/rover_rectangular:/home/ak/oel_ws/install/l_shape_rover:/home/ak/ros2_ws/install/my_robot_controller:/opt/ros/jazzy DEBUGINFOD_URLS=https://debuginfod.ubuntu.com /usr/bin/cmake --build /home/ak/cep_ws/build/robot_description -- -j8 -l8
[0.730s] Invoking command in '/home/ak/cep_ws/build/robot_description': CMAKE_PREFIX_PATH=${CMAKE_PREFIX_PATH}:/home/ak/cep_ws/install/rover_rectangular:/home/ak/oel_ws/install/l_shape_rover:/home/ak/ros2_ws/install/my_robot_controller:/opt/ros/jazzy DEBUGINFOD_URLS=https://debuginfod.ubuntu.com /usr/bin/cmake --install /home/ak/cep_ws/build/robot_description
[0.752s] -- Install configuration: ""
[0.772s] -- Execute custom install script
[0.773s] -- Up-to-date symlink: /home/ak/cep_ws/install/robot_description/share/robot_description/launch/multi_robot.launch.py
[0.773s] -- Up-to-date symlink: /home/ak/cep_ws/install/robot_description/share/robot_description/launch/sim.launch.py
[0.774s] -- Up-to-date symlink: /home/ak/cep_ws/install/robot_description/share/robot_description/urdf/manipulator.urdf.xacro
[0.774s] -- Up-to-date symlink: /home/ak/cep_ws/install/robot_description/share/robot_description/urdf/rover.urdf.xacro
[0.775s] -- Up-to-date symlink: /home/ak/cep_ws/install/robot_description/share/ament_index/resource_index/package_run_dependencies/robot_description
[0.968s] -- Up-to-date symlink: /home/ak/cep_ws/install/robot_description/share/ament_index/resource_index/parent_prefix_path/robot_description
[0.969s] -- Up-to-date symlink: /home/ak/cep_ws/install/robot_description/share/robot_description/environment/ament_prefix_path.sh
[0.971s] -- Up-to-date symlink: /home/ak/cep_ws/install/robot_description/share/robot_description/environment/ament_prefix_path.dsv
[0.972s] -- Up-to-date symlink: /home/ak/cep_ws/install/robot_description/share/robot_description/environment/path.sh
[0.974s] -- Up-to-date symlink: /home/ak/cep_ws/install/robot_description/share/robot_description/environment/path.dsv
[0.975s] -- Up-to-date symlink: /home/ak/cep_ws/install/robot_description/share/robot_description/local_setup.bash
[0.976s] -- Up-to-date symlink: /home/ak/cep_ws/install/robot_description/share/robot_description/local_setup.sh
[0.977s] -- Up-to-date symlink: /home/ak/cep_ws/install/robot_description/share/robot_description/local_setup.zsh
[0.978s] -- Up-to-date symlink: /home/ak/cep_ws/install/robot_description/share/robot_description/local_setup.dsv
[0.979s] -- Symlinking: /home/ak/cep_ws/install/robot_description/share/robot_description/package.dsv
[1.020s] -- Up-to-date symlink: /home/ak/cep_ws/install/robot_description/share/ament_index/resource_index/packages/robot_description
[1.021s] -- Up-to-date symlink: /home/ak/cep_ws/install/robot_description/share/robot_description/cmake/robot_descriptionConfig.cmake
[1.022s] -- Up-to-date symlink: /home/ak/cep_ws/install/robot_description/share/robot_description/cmake/robot_descriptionConfig-version.cmake
[1.023s] -- Up-to-date symlink: /home/ak/cep_ws/install/robot_description/share/robot_description/package.xml
[1.030s] Invoked command in '/home/ak/cep_ws/build/robot_description' returned '0': CMAKE_PREFIX_PATH=${CMAKE_PREFIX_PATH}:/home/ak/cep_ws/install/rover_rectangular:/home/ak/oel_ws/install/l_shape_rover:/home/ak/ros2_ws/install/my_robot_controller:/opt/ros/jazzy DEBUGINFOD_URLS=https://debuginfod.ubuntu.com /usr/bin/cmake --install /home/ak/cep_ws/build/robot_description
