running egg_info
creating ../../build/rover_rectangular/rover_rectangular.egg-info
writing ../../build/rover_rectangular/rover_rectangular.egg-info/PKG-INFO
writing dependency_links to ../../build/rover_rectangular/rover_rectangular.egg-info/dependency_links.txt
writing requirements to ../../build/rover_rectangular/rover_rectangular.egg-info/requires.txt
writing top-level names to ../../build/rover_rectangular/rover_rectangular.egg-info/top_level.txt
writing manifest file '../../build/rover_rectangular/rover_rectangular.egg-info/SOURCES.txt'
reading manifest file '../../build/rover_rectangular/rover_rectangular.egg-info/SOURCES.txt'
writing manifest file '../../build/rover_rectangular/rover_rectangular.egg-info/SOURCES.txt'
running build
running build_py
creating /home/ak/cep_ws/build/rover_rectangular/build
creating /home/ak/cep_ws/build/rover_rectangular/build/lib
creating /home/ak/cep_ws/build/rover_rectangular/build/lib/rover_rectangular
copying rover_rectangular/__init__.py -> /home/ak/cep_ws/build/rover_rectangular/build/lib/rover_rectangular
running install
running install_lib
creating /home/ak/cep_ws/install/rover_rectangular/lib/python3.12/site-packages/rover_rectangular
copying /home/ak/cep_ws/build/rover_rectangular/build/lib/rover_rectangular/__init__.py -> /home/ak/cep_ws/install/rover_rectangular/lib/python3.12/site-packages/rover_rectangular
byte-compiling /home/ak/cep_ws/install/rover_rectangular/lib/python3.12/site-packages/rover_rectangular/__init__.py to __init__.cpython-312.pyc
running install_data
creating /home/ak/cep_ws/install/rover_rectangular/share/ament_index
creating /home/ak/cep_ws/install/rover_rectangular/share/ament_index/resource_index
creating /home/ak/cep_ws/install/rover_rectangular/share/ament_index/resource_index/packages
copying resource/rover_rectangular -> /home/ak/cep_ws/install/rover_rectangular/share/ament_index/resource_index/packages
copying package.xml -> /home/ak/cep_ws/install/rover_rectangular/share/rover_rectangular
running install_egg_info
Copying ../../build/rover_rectangular/rover_rectangular.egg-info to /home/ak/cep_ws/install/rover_rectangular/lib/python3.12/site-packages/rover_rectangular-0.0.0-py3.12.egg-info
running install_scripts
writing list of installed files to '/home/ak/cep_ws/build/rover_rectangular/install.log'
