[5.600s] Invoking command in '/home/ak/cep_ws/src/rover_rectangular': DEBUGINFOD_URLS=https://debuginfod.ubuntu.com PYTHONPATH=/home/ak/cep_ws/build/rover_rectangular/prefix_override:/usr/lib/python3/dist-packages/colcon_core/task/python/colcon_distutils_commands:/home/ak/cep_ws/install/rover_rectangular/lib/python3.12/site-packages:${PYTHONPATH} /usr/bin/python3 -W ignore:setup.py install is deprecated -W ignore:easy_install command is deprecated setup.py egg_info --egg-base ../../build/rover_rectangular build --build-base /home/ak/cep_ws/build/rover_rectangular/build install --record /home/ak/cep_ws/build/rover_rectangular/install.log --single-version-externally-managed install_data
[6.088s] running egg_info
[6.089s] creating ../../build/rover_rectangular/rover_rectangular.egg-info
[6.118s] writing ../../build/rover_rectangular/rover_rectangular.egg-info/PKG-INFO
[6.118s] writing dependency_links to ../../build/rover_rectangular/rover_rectangular.egg-info/dependency_links.txt
[6.119s] writing requirements to ../../build/rover_rectangular/rover_rectangular.egg-info/requires.txt
[6.119s] writing top-level names to ../../build/rover_rectangular/rover_rectangular.egg-info/top_level.txt
[6.119s] writing manifest file '../../build/rover_rectangular/rover_rectangular.egg-info/SOURCES.txt'
[6.180s] reading manifest file '../../build/rover_rectangular/rover_rectangular.egg-info/SOURCES.txt'
[6.181s] writing manifest file '../../build/rover_rectangular/rover_rectangular.egg-info/SOURCES.txt'
[6.181s] running build
[6.181s] running build_py
[6.182s] creating /home/ak/cep_ws/build/rover_rectangular/build
[6.182s] creating /home/ak/cep_ws/build/rover_rectangular/build/lib
[6.182s] creating /home/ak/cep_ws/build/rover_rectangular/build/lib/rover_rectangular
[6.182s] copying rover_rectangular/__init__.py -> /home/ak/cep_ws/build/rover_rectangular/build/lib/rover_rectangular
[6.182s] running install
[6.190s] running install_lib
[6.221s] creating /home/ak/cep_ws/install/rover_rectangular/lib/python3.12/site-packages/rover_rectangular
[6.221s] copying /home/ak/cep_ws/build/rover_rectangular/build/lib/rover_rectangular/__init__.py -> /home/ak/cep_ws/install/rover_rectangular/lib/python3.12/site-packages/rover_rectangular
[6.221s] byte-compiling /home/ak/cep_ws/install/rover_rectangular/lib/python3.12/site-packages/rover_rectangular/__init__.py to __init__.cpython-312.pyc
[6.222s] running install_data
[6.222s] creating /home/ak/cep_ws/install/rover_rectangular/share/ament_index
[6.222s] creating /home/ak/cep_ws/install/rover_rectangular/share/ament_index/resource_index
[6.222s] creating /home/ak/cep_ws/install/rover_rectangular/share/ament_index/resource_index/packages
[6.222s] copying resource/rover_rectangular -> /home/ak/cep_ws/install/rover_rectangular/share/ament_index/resource_index/packages
[6.222s] copying package.xml -> /home/ak/cep_ws/install/rover_rectangular/share/rover_rectangular
[6.223s] running install_egg_info
[6.255s] Copying ../../build/rover_rectangular/rover_rectangular.egg-info to /home/ak/cep_ws/install/rover_rectangular/lib/python3.12/site-packages/rover_rectangular-0.0.0-py3.12.egg-info
[6.256s] running install_scripts
[6.458s] writing list of installed files to '/home/ak/cep_ws/build/rover_rectangular/install.log'
[6.496s] Invoked command in '/home/ak/cep_ws/src/rover_rectangular' returned '0': DEBUGINFOD_URLS=https://debuginfod.ubuntu.com PYTHONPATH=/home/ak/cep_ws/build/rover_rectangular/prefix_override:/usr/lib/python3/dist-packages/colcon_core/task/python/colcon_distutils_commands:/home/ak/cep_ws/install/rover_rectangular/lib/python3.12/site-packages:${PYTHONPATH} /usr/bin/python3 -W ignore:setup.py install is deprecated -W ignore:easy_install command is deprecated setup.py egg_info --egg-base ../../build/rover_rectangular build --build-base /home/ak/cep_ws/build/rover_rectangular/build install --record /home/ak/cep_ws/build/rover_rectangular/install.log --single-version-externally-managed install_data
