[0.257s] DEBUG:colcon:Command line arguments: ['/usr/bin/colcon', 'build']
[0.257s] DEBUG:colcon:Parsed command line arguments: Namespace(log_base=None, log_level=None, verb_name='build', build_base='build', install_base='install', merge_install=False, symlink_install=False, test_result_base=None, continue_on_error=False, executor='parallel', parallel_workers=8, event_handlers=None, ignore_user_meta=False, metas=['./colcon.meta'], base_paths=['.'], packages_ignore=None, packages_ignore_regex=None, paths=None, packages_up_to=None, packages_up_to_regex=None, packages_above=None, packages_above_and_dependencies=None, packages_above_depth=None, packages_select_by_dep=None, packages_skip_by_dep=None, packages_skip_up_to=None, packages_select_build_failed=False, packages_skip_build_finished=False, packages_select_test_failures=False, packages_skip_test_passed=False, packages_select=None, packages_skip=None, packages_select_regex=None, packages_skip_regex=None, packages_start=None, packages_end=None, allow_overriding=[], cmake_args=None, cmake_target=None, cmake_target_skip_unavailable=False, cmake_clean_cache=False, cmake_clean_first=False, cmake_force_configure=False, ament_cmake_args=None, catkin_cmake_args=None, catkin_skip_building_tests=False, mixin_files=None, mixin=None, verb_parser=<colcon_mixin.mixin.mixin_argument.MixinArgumentDecorator object at 0x7faaad9a0590>, verb_extension=<colcon_core.verb.build.BuildVerb object at 0x7faaadac4ad0>, main=<bound method BuildVerb.main of <colcon_core.verb.build.BuildVerb object at 0x7faaadac4ad0>>, mixin_verb=('build',))
[0.362s] Level 1:colcon.colcon_core.package_discovery:discover_packages(colcon_meta) check parameters
[0.362s] Level 1:colcon.colcon_core.package_discovery:discover_packages(recursive) check parameters
[0.362s] Level 1:colcon.colcon_core.package_discovery:discover_packages(ignore) check parameters
[0.362s] Level 1:colcon.colcon_core.package_discovery:discover_packages(path) check parameters
[0.363s] Level 1:colcon.colcon_core.package_discovery:discover_packages(colcon_meta) discover
[0.363s] Level 1:colcon.colcon_core.package_discovery:discover_packages(recursive) discover
[0.363s] INFO:colcon.colcon_core.package_discovery:Crawling recursively for packages in '/home/ak/cep_ws'
[0.363s] Level 1:colcon.colcon_core.package_identification:_identify(.) by extensions ['ignore', 'ignore_ament_install']
[0.363s] Level 1:colcon.colcon_core.package_identification:_identify(.) by extension 'ignore'
[0.363s] Level 1:colcon.colcon_core.package_identification:_identify(.) by extension 'ignore_ament_install'
[0.364s] Level 1:colcon.colcon_core.package_identification:_identify(.) by extensions ['colcon_pkg']
[0.364s] Level 1:colcon.colcon_core.package_identification:_identify(.) by extension 'colcon_pkg'
[0.364s] Level 1:colcon.colcon_core.package_identification:_identify(.) by extensions ['colcon_meta']
[0.364s] Level 1:colcon.colcon_core.package_identification:_identify(.) by extension 'colcon_meta'
[0.364s] Level 1:colcon.colcon_core.package_identification:_identify(.) by extensions ['ros']
[0.364s] Level 1:colcon.colcon_core.package_identification:_identify(.) by extension 'ros'
[0.423s] Level 1:colcon.colcon_core.package_identification:_identify(.) by extensions ['cmake', 'python']
[0.423s] Level 1:colcon.colcon_core.package_identification:_identify(.) by extension 'cmake'
[0.423s] Level 1:colcon.colcon_core.package_identification:_identify(.) by extension 'python'
[0.423s] Level 1:colcon.colcon_core.package_identification:_identify(.) by extensions ['python_setup_py']
[0.424s] Level 1:colcon.colcon_core.package_identification:_identify(.) by extension 'python_setup_py'
[0.424s] Level 1:colcon.colcon_core.package_identification:_identify(build) by extensions ['ignore', 'ignore_ament_install']
[0.424s] Level 1:colcon.colcon_core.package_identification:_identify(build) by extension 'ignore'
[0.424s] Level 1:colcon.colcon_core.package_identification:_identify(build) ignored
[0.424s] Level 1:colcon.colcon_core.package_identification:_identify(install) by extensions ['ignore', 'ignore_ament_install']
[0.425s] Level 1:colcon.colcon_core.package_identification:_identify(install) by extension 'ignore'
[0.425s] Level 1:colcon.colcon_core.package_identification:_identify(install) ignored
[0.425s] Level 1:colcon.colcon_core.package_identification:_identify(log) by extensions ['ignore', 'ignore_ament_install']
[0.425s] Level 1:colcon.colcon_core.package_identification:_identify(log) by extension 'ignore'
[0.425s] Level 1:colcon.colcon_core.package_identification:_identify(log) ignored
[0.425s] Level 1:colcon.colcon_core.package_identification:_identify(src) by extensions ['ignore', 'ignore_ament_install']
[0.426s] Level 1:colcon.colcon_core.package_identification:_identify(src) by extension 'ignore'
[0.426s] Level 1:colcon.colcon_core.package_identification:_identify(src) by extension 'ignore_ament_install'
[0.426s] Level 1:colcon.colcon_core.package_identification:_identify(src) by extensions ['colcon_pkg']
[0.426s] Level 1:colcon.colcon_core.package_identification:_identify(src) by extension 'colcon_pkg'
[0.426s] Level 1:colcon.colcon_core.package_identification:_identify(src) by extensions ['colcon_meta']
[0.426s] Level 1:colcon.colcon_core.package_identification:_identify(src) by extension 'colcon_meta'
[0.426s] Level 1:colcon.colcon_core.package_identification:_identify(src) by extensions ['ros']
[0.426s] Level 1:colcon.colcon_core.package_identification:_identify(src) by extension 'ros'
[0.427s] Level 1:colcon.colcon_core.package_identification:_identify(src) by extensions ['cmake', 'python']
[0.427s] Level 1:colcon.colcon_core.package_identification:_identify(src) by extension 'cmake'
[0.427s] Level 1:colcon.colcon_core.package_identification:_identify(src) by extension 'python'
[0.427s] Level 1:colcon.colcon_core.package_identification:_identify(src) by extensions ['python_setup_py']
[0.427s] Level 1:colcon.colcon_core.package_identification:_identify(src) by extension 'python_setup_py'
[0.427s] Level 1:colcon.colcon_core.package_identification:_identify(src/robot_description) by extensions ['ignore', 'ignore_ament_install']
[0.427s] Level 1:colcon.colcon_core.package_identification:_identify(src/robot_description) by extension 'ignore'
[0.428s] Level 1:colcon.colcon_core.package_identification:_identify(src/robot_description) by extension 'ignore_ament_install'
[0.428s] Level 1:colcon.colcon_core.package_identification:_identify(src/robot_description) by extensions ['colcon_pkg']
[0.428s] Level 1:colcon.colcon_core.package_identification:_identify(src/robot_description) by extension 'colcon_pkg'
[0.428s] Level 1:colcon.colcon_core.package_identification:_identify(src/robot_description) by extensions ['colcon_meta']
[0.428s] Level 1:colcon.colcon_core.package_identification:_identify(src/robot_description) by extension 'colcon_meta'
[0.428s] Level 1:colcon.colcon_core.package_identification:_identify(src/robot_description) by extensions ['ros']
[0.428s] Level 1:colcon.colcon_core.package_identification:_identify(src/robot_description) by extension 'ros'
[0.433s] DEBUG:colcon.colcon_core.package_identification:Package 'src/robot_description' with type 'ros.ament_cmake' and name 'robot_description'
[0.434s] Level 1:colcon.colcon_core.package_identification:_identify(src/rover_rectangular) by extensions ['ignore', 'ignore_ament_install']
[0.434s] Level 1:colcon.colcon_core.package_identification:_identify(src/rover_rectangular) by extension 'ignore'
[0.434s] Level 1:colcon.colcon_core.package_identification:_identify(src/rover_rectangular) by extension 'ignore_ament_install'
[0.434s] Level 1:colcon.colcon_core.package_identification:_identify(src/rover_rectangular) by extensions ['colcon_pkg']
[0.434s] Level 1:colcon.colcon_core.package_identification:_identify(src/rover_rectangular) by extension 'colcon_pkg'
[0.435s] Level 1:colcon.colcon_core.package_identification:_identify(src/rover_rectangular) by extensions ['colcon_meta']
[0.435s] Level 1:colcon.colcon_core.package_identification:_identify(src/rover_rectangular) by extension 'colcon_meta'
[0.435s] Level 1:colcon.colcon_core.package_identification:_identify(src/rover_rectangular) by extensions ['ros']
[0.435s] Level 1:colcon.colcon_core.package_identification:_identify(src/rover_rectangular) by extension 'ros'
[0.436s] DEBUG:colcon.colcon_core.package_identification:Package 'src/rover_rectangular' with type 'ros.ament_python' and name 'rover_rectangular'
[0.436s] Level 1:colcon.colcon_core.package_discovery:discover_packages(recursive) using defaults
[0.436s] Level 1:colcon.colcon_core.package_discovery:discover_packages(ignore) discover
[0.437s] Level 1:colcon.colcon_core.package_discovery:discover_packages(ignore) using defaults
[0.437s] Level 1:colcon.colcon_core.package_discovery:discover_packages(path) discover
[0.437s] Level 1:colcon.colcon_core.package_discovery:discover_packages(path) using defaults
[0.474s] Level 1:colcon.colcon_core.package_discovery:discover_packages(prefix_path) check parameters
[0.474s] Level 1:colcon.colcon_core.package_discovery:discover_packages(prefix_path) discover
[0.477s] DEBUG:colcon.colcon_installed_package_information.package_discovery:Found 2 installed packages in /home/ak/cep_ws/install
[0.478s] DEBUG:colcon.colcon_installed_package_information.package_discovery:Found 2 installed packages in /home/ak/ros2_ws/install
[0.482s] DEBUG:colcon.colcon_installed_package_information.package_discovery:Found 322 installed packages in /opt/ros/jazzy
[0.484s] Level 1:colcon.colcon_core.package_discovery:discover_packages(prefix_path) using defaults
[0.581s] Level 5:colcon.colcon_core.verb:set package 'robot_description' build argument 'cmake_args' from command line to 'None'
[0.581s] Level 5:colcon.colcon_core.verb:set package 'robot_description' build argument 'cmake_target' from command line to 'None'
[0.581s] Level 5:colcon.colcon_core.verb:set package 'robot_description' build argument 'cmake_target_skip_unavailable' from command line to 'False'
[0.581s] Level 5:colcon.colcon_core.verb:set package 'robot_description' build argument 'cmake_clean_cache' from command line to 'False'
[0.581s] Level 5:colcon.colcon_core.verb:set package 'robot_description' build argument 'cmake_clean_first' from command line to 'False'
[0.581s] Level 5:colcon.colcon_core.verb:set package 'robot_description' build argument 'cmake_force_configure' from command line to 'False'
[0.581s] Level 5:colcon.colcon_core.verb:set package 'robot_description' build argument 'ament_cmake_args' from command line to 'None'
[0.581s] Level 5:colcon.colcon_core.verb:set package 'robot_description' build argument 'catkin_cmake_args' from command line to 'None'
[0.581s] Level 5:colcon.colcon_core.verb:set package 'robot_description' build argument 'catkin_skip_building_tests' from command line to 'False'
[0.582s] DEBUG:colcon.colcon_core.verb:Building package 'robot_description' with the following arguments: {'ament_cmake_args': None, 'build_base': '/home/ak/cep_ws/build/robot_description', 'catkin_cmake_args': None, 'catkin_skip_building_tests': False, 'cmake_args': None, 'cmake_clean_cache': False, 'cmake_clean_first': False, 'cmake_force_configure': False, 'cmake_target': None, 'cmake_target_skip_unavailable': False, 'install_base': '/home/ak/cep_ws/install/robot_description', 'merge_install': False, 'path': '/home/ak/cep_ws/src/robot_description', 'symlink_install': False, 'test_result_base': None}
[0.582s] Level 5:colcon.colcon_core.verb:set package 'rover_rectangular' build argument 'cmake_args' from command line to 'None'
[0.582s] Level 5:colcon.colcon_core.verb:set package 'rover_rectangular' build argument 'cmake_target' from command line to 'None'
[0.582s] Level 5:colcon.colcon_core.verb:set package 'rover_rectangular' build argument 'cmake_target_skip_unavailable' from command line to 'False'
[0.582s] Level 5:colcon.colcon_core.verb:set package 'rover_rectangular' build argument 'cmake_clean_cache' from command line to 'False'
[0.582s] Level 5:colcon.colcon_core.verb:set package 'rover_rectangular' build argument 'cmake_clean_first' from command line to 'False'
[0.582s] Level 5:colcon.colcon_core.verb:set package 'rover_rectangular' build argument 'cmake_force_configure' from command line to 'False'
[0.582s] Level 5:colcon.colcon_core.verb:set package 'rover_rectangular' build argument 'ament_cmake_args' from command line to 'None'
[0.582s] Level 5:colcon.colcon_core.verb:set package 'rover_rectangular' build argument 'catkin_cmake_args' from command line to 'None'
[0.582s] Level 5:colcon.colcon_core.verb:set package 'rover_rectangular' build argument 'catkin_skip_building_tests' from command line to 'False'
[0.582s] DEBUG:colcon.colcon_core.verb:Building package 'rover_rectangular' with the following arguments: {'ament_cmake_args': None, 'build_base': '/home/ak/cep_ws/build/rover_rectangular', 'catkin_cmake_args': None, 'catkin_skip_building_tests': False, 'cmake_args': None, 'cmake_clean_cache': False, 'cmake_clean_first': False, 'cmake_force_configure': False, 'cmake_target': None, 'cmake_target_skip_unavailable': False, 'install_base': '/home/ak/cep_ws/install/rover_rectangular', 'merge_install': False, 'path': '/home/ak/cep_ws/src/rover_rectangular', 'symlink_install': False, 'test_result_base': None}
[0.583s] INFO:colcon.colcon_core.executor:Executing jobs using 'parallel' executor
[0.584s] DEBUG:colcon.colcon_parallel_executor.executor.parallel:run_until_complete
[0.584s] INFO:colcon.colcon_ros.task.ament_cmake.build:Building ROS package in '/home/ak/cep_ws/src/robot_description' with build type 'ament_cmake'
[0.584s] INFO:colcon.colcon_cmake.task.cmake.build:Building CMake package in '/home/ak/cep_ws/src/robot_description'
[0.588s] INFO:colcon.colcon_core.plugin_system:Skipping extension 'colcon_core.shell.bat': Not used on non-Windows systems
[0.589s] INFO:colcon.colcon_core.shell:Skip shell extension 'powershell' for command environment: Not usable outside of PowerShell
[0.589s] DEBUG:colcon.colcon_core.shell:Skip shell extension 'dsv' for command environment
[0.597s] INFO:colcon.colcon_ros.task.ament_python.build:Building ROS package in '/home/ak/cep_ws/src/rover_rectangular' with build type 'ament_python'
[0.597s] Level 1:colcon.colcon_core.shell:create_environment_hook('rover_rectangular', 'ament_prefix_path')
[0.598s] INFO:colcon.colcon_core.shell:Creating environment hook '/home/ak/cep_ws/install/rover_rectangular/share/rover_rectangular/hook/ament_prefix_path.ps1'
[0.599s] INFO:colcon.colcon_core.shell:Creating environment descriptor '/home/ak/cep_ws/install/rover_rectangular/share/rover_rectangular/hook/ament_prefix_path.dsv'
[0.600s] INFO:colcon.colcon_core.shell:Creating environment hook '/home/ak/cep_ws/install/rover_rectangular/share/rover_rectangular/hook/ament_prefix_path.sh'
[0.602s] INFO:colcon.colcon_core.shell:Skip shell extension 'powershell' for command environment: Not usable outside of PowerShell
[0.602s] DEBUG:colcon.colcon_core.shell:Skip shell extension 'dsv' for command environment
[0.619s] DEBUG:colcon.colcon_core.event_handler.log_command:Invoking command in '/home/ak/cep_ws/build/robot_description': CMAKE_PREFIX_PATH=${CMAKE_PREFIX_PATH}:/home/ak/cep_ws/install/rover_rectangular:/home/ak/ros2_ws/install/my_robot_controller:/opt/ros/jazzy DEBUGINFOD_URLS=https://debuginfod.ubuntu.com /usr/bin/cmake --build /home/ak/cep_ws/build/robot_description -- -j8 -l8
[1.129s] INFO:colcon.colcon_core.task.python.build:Building Python package in '/home/ak/cep_ws/src/rover_rectangular'
[1.130s] INFO:colcon.colcon_core.shell:Skip shell extension 'powershell' for command environment: Not usable outside of PowerShell
[1.130s] DEBUG:colcon.colcon_core.shell:Skip shell extension 'dsv' for command environment
[1.144s] DEBUG:colcon.colcon_core.event_handler.log_command:Invoked command in '/home/ak/cep_ws/build/robot_description' returned '0': CMAKE_PREFIX_PATH=${CMAKE_PREFIX_PATH}:/home/ak/cep_ws/install/rover_rectangular:/home/ak/ros2_ws/install/my_robot_controller:/opt/ros/jazzy DEBUGINFOD_URLS=https://debuginfod.ubuntu.com /usr/bin/cmake --build /home/ak/cep_ws/build/robot_description -- -j8 -l8
[1.172s] DEBUG:colcon.colcon_core.event_handler.log_command:Invoking command in '/home/ak/cep_ws/build/robot_description': CMAKE_PREFIX_PATH=${CMAKE_PREFIX_PATH}:/home/ak/cep_ws/install/rover_rectangular:/home/ak/ros2_ws/install/my_robot_controller:/opt/ros/jazzy DEBUGINFOD_URLS=https://debuginfod.ubuntu.com /usr/bin/cmake --install /home/ak/cep_ws/build/robot_description
[1.235s] Level 1:colcon.colcon_core.environment:create_environment_scripts_only(robot_description)
[1.237s] DEBUG:colcon.colcon_core.event_handler.log_command:Invoked command in '/home/ak/cep_ws/build/robot_description' returned '0': CMAKE_PREFIX_PATH=${CMAKE_PREFIX_PATH}:/home/ak/cep_ws/install/rover_rectangular:/home/ak/ros2_ws/install/my_robot_controller:/opt/ros/jazzy DEBUGINFOD_URLS=https://debuginfod.ubuntu.com /usr/bin/cmake --install /home/ak/cep_ws/build/robot_description
[1.241s] Level 1:colcon.colcon_core.environment:checking '/home/ak/cep_ws/install/robot_description' for CMake module files
[1.243s] Level 1:colcon.colcon_core.environment:checking '/home/ak/cep_ws/install/robot_description' for CMake config files
[1.243s] Level 1:colcon.colcon_core.shell:create_environment_hook('robot_description', 'cmake_prefix_path')
[1.244s] INFO:colcon.colcon_core.shell:Creating environment hook '/home/ak/cep_ws/install/robot_description/share/robot_description/hook/cmake_prefix_path.ps1'
[1.245s] INFO:colcon.colcon_core.shell:Creating environment descriptor '/home/ak/cep_ws/install/robot_description/share/robot_description/hook/cmake_prefix_path.dsv'
[1.245s] INFO:colcon.colcon_core.shell:Creating environment hook '/home/ak/cep_ws/install/robot_description/share/robot_description/hook/cmake_prefix_path.sh'
[1.247s] Level 1:colcon.colcon_core.environment:checking '/home/ak/cep_ws/install/robot_description/bin'
[1.247s] Level 1:colcon.colcon_core.environment:checking '/home/ak/cep_ws/install/robot_description/lib/pkgconfig/robot_description.pc'
[1.247s] Level 1:colcon.colcon_core.environment:checking '/home/ak/cep_ws/install/robot_description/lib/python3.12/site-packages'
[1.248s] Level 1:colcon.colcon_core.environment:checking '/home/ak/cep_ws/install/robot_description/bin'
[1.249s] INFO:colcon.colcon_core.shell:Creating package script '/home/ak/cep_ws/install/robot_description/share/robot_description/package.ps1'
[1.252s] INFO:colcon.colcon_core.shell:Creating package descriptor '/home/ak/cep_ws/install/robot_description/share/robot_description/package.dsv'
[1.253s] INFO:colcon.colcon_core.shell:Creating package script '/home/ak/cep_ws/install/robot_description/share/robot_description/package.sh'
[1.255s] INFO:colcon.colcon_core.shell:Creating package script '/home/ak/cep_ws/install/robot_description/share/robot_description/package.bash'
[1.257s] INFO:colcon.colcon_core.shell:Creating package script '/home/ak/cep_ws/install/robot_description/share/robot_description/package.zsh'
[1.258s] Level 1:colcon.colcon_core.environment:create_file_with_runtime_dependencies(/home/ak/cep_ws/install/robot_description/share/colcon-core/packages/robot_description)
[1.259s] Level 1:colcon.colcon_core.environment:create_environment_scripts_only(robot_description)
[1.259s] Level 1:colcon.colcon_core.environment:checking '/home/ak/cep_ws/install/robot_description' for CMake module files
[1.260s] Level 1:colcon.colcon_core.environment:checking '/home/ak/cep_ws/install/robot_description' for CMake config files
[1.261s] Level 1:colcon.colcon_core.shell:create_environment_hook('robot_description', 'cmake_prefix_path')
[1.262s] INFO:colcon.colcon_core.shell:Creating environment hook '/home/ak/cep_ws/install/robot_description/share/robot_description/hook/cmake_prefix_path.ps1'
[1.263s] INFO:colcon.colcon_core.shell:Creating environment descriptor '/home/ak/cep_ws/install/robot_description/share/robot_description/hook/cmake_prefix_path.dsv'
[1.263s] INFO:colcon.colcon_core.shell:Creating environment hook '/home/ak/cep_ws/install/robot_description/share/robot_description/hook/cmake_prefix_path.sh'
[1.265s] Level 1:colcon.colcon_core.environment:checking '/home/ak/cep_ws/install/robot_description/bin'
[1.265s] Level 1:colcon.colcon_core.environment:checking '/home/ak/cep_ws/install/robot_description/lib/pkgconfig/robot_description.pc'
[1.265s] Level 1:colcon.colcon_core.environment:checking '/home/ak/cep_ws/install/robot_description/lib/python3.12/site-packages'
[1.266s] Level 1:colcon.colcon_core.environment:checking '/home/ak/cep_ws/install/robot_description/bin'
[1.267s] INFO:colcon.colcon_core.shell:Creating package script '/home/ak/cep_ws/install/robot_description/share/robot_description/package.ps1'
[1.269s] INFO:colcon.colcon_core.shell:Creating package descriptor '/home/ak/cep_ws/install/robot_description/share/robot_description/package.dsv'
[1.270s] INFO:colcon.colcon_core.shell:Creating package script '/home/ak/cep_ws/install/robot_description/share/robot_description/package.sh'
[1.271s] INFO:colcon.colcon_core.shell:Creating package script '/home/ak/cep_ws/install/robot_description/share/robot_description/package.bash'
[1.271s] INFO:colcon.colcon_core.shell:Creating package script '/home/ak/cep_ws/install/robot_description/share/robot_description/package.zsh'
[1.272s] Level 1:colcon.colcon_core.environment:create_file_with_runtime_dependencies(/home/ak/cep_ws/install/robot_description/share/colcon-core/packages/robot_description)
[2.541s] DEBUG:colcon.colcon_core.event_handler.log_command:Invoking command in '/home/ak/cep_ws/src/rover_rectangular': DEBUGINFOD_URLS=https://debuginfod.ubuntu.com PYTHONPATH=/home/ak/cep_ws/build/rover_rectangular/prefix_override:/usr/lib/python3/dist-packages/colcon_core/task/python/colcon_distutils_commands:/home/ak/cep_ws/install/rover_rectangular/lib/python3.12/site-packages:${PYTHONPATH} /usr/bin/python3 -W ignore:setup.py install is deprecated -W ignore:easy_install command is deprecated setup.py egg_info --egg-base ../../build/rover_rectangular build --build-base /home/ak/cep_ws/build/rover_rectangular/build install --record /home/ak/cep_ws/build/rover_rectangular/install.log --single-version-externally-managed install_data
[3.983s] Level 1:colcon.colcon_core.environment:checking '/home/ak/cep_ws/install/rover_rectangular' for CMake module files
[3.984s] DEBUG:colcon.colcon_core.event_handler.log_command:Invoked command in '/home/ak/cep_ws/src/rover_rectangular' returned '0': DEBUGINFOD_URLS=https://debuginfod.ubuntu.com PYTHONPATH=/home/ak/cep_ws/build/rover_rectangular/prefix_override:/usr/lib/python3/dist-packages/colcon_core/task/python/colcon_distutils_commands:/home/ak/cep_ws/install/rover_rectangular/lib/python3.12/site-packages:${PYTHONPATH} /usr/bin/python3 -W ignore:setup.py install is deprecated -W ignore:easy_install command is deprecated setup.py egg_info --egg-base ../../build/rover_rectangular build --build-base /home/ak/cep_ws/build/rover_rectangular/build install --record /home/ak/cep_ws/build/rover_rectangular/install.log --single-version-externally-managed install_data
[3.985s] Level 1:colcon.colcon_core.environment:checking '/home/ak/cep_ws/install/rover_rectangular' for CMake config files
[3.987s] Level 1:colcon.colcon_core.environment:checking '/home/ak/cep_ws/install/rover_rectangular/lib'
[3.987s] Level 1:colcon.colcon_core.environment:checking '/home/ak/cep_ws/install/rover_rectangular/bin'
[3.988s] Level 1:colcon.colcon_core.environment:checking '/home/ak/cep_ws/install/rover_rectangular/lib/pkgconfig/rover_rectangular.pc'
[3.988s] Level 1:colcon.colcon_core.environment:checking '/home/ak/cep_ws/install/rover_rectangular/lib/python3.12/site-packages'
[3.989s] Level 1:colcon.colcon_core.shell:create_environment_hook('rover_rectangular', 'pythonpath')
[3.989s] INFO:colcon.colcon_core.shell:Creating environment hook '/home/ak/cep_ws/install/rover_rectangular/share/rover_rectangular/hook/pythonpath.ps1'
[3.991s] INFO:colcon.colcon_core.shell:Creating environment descriptor '/home/ak/cep_ws/install/rover_rectangular/share/rover_rectangular/hook/pythonpath.dsv'
[3.991s] INFO:colcon.colcon_core.shell:Creating environment hook '/home/ak/cep_ws/install/rover_rectangular/share/rover_rectangular/hook/pythonpath.sh'
[3.993s] Level 1:colcon.colcon_core.environment:checking '/home/ak/cep_ws/install/rover_rectangular/bin'
[3.994s] Level 1:colcon.colcon_core.environment:create_environment_scripts_only(rover_rectangular)
[3.994s] INFO:colcon.colcon_core.shell:Creating package script '/home/ak/cep_ws/install/rover_rectangular/share/rover_rectangular/package.ps1'
[3.997s] INFO:colcon.colcon_core.shell:Creating package descriptor '/home/ak/cep_ws/install/rover_rectangular/share/rover_rectangular/package.dsv'
[3.998s] INFO:colcon.colcon_core.shell:Creating package script '/home/ak/cep_ws/install/rover_rectangular/share/rover_rectangular/package.sh'
[3.999s] INFO:colcon.colcon_core.shell:Creating package script '/home/ak/cep_ws/install/rover_rectangular/share/rover_rectangular/package.bash'
[4.000s] INFO:colcon.colcon_core.shell:Creating package script '/home/ak/cep_ws/install/rover_rectangular/share/rover_rectangular/package.zsh'
[4.001s] Level 1:colcon.colcon_core.environment:create_file_with_runtime_dependencies(/home/ak/cep_ws/install/rover_rectangular/share/colcon-core/packages/rover_rectangular)
[4.001s] DEBUG:colcon.colcon_parallel_executor.executor.parallel:closing loop
[4.002s] DEBUG:colcon.colcon_parallel_executor.executor.parallel:loop closed
[4.003s] DEBUG:colcon.colcon_parallel_executor.executor.parallel:run_until_complete finished with '0'
[4.003s] DEBUG:colcon.colcon_core.event_reactor:joining thread
[4.017s] INFO:colcon.colcon_core.plugin_system:Skipping extension 'colcon_notification.desktop_notification.terminal_notifier': Not used on non-Darwin systems
[4.017s] INFO:colcon.colcon_core.plugin_system:Skipping extension 'colcon_notification.desktop_notification.win32': Not used on non-Windows systems
[4.017s] INFO:colcon.colcon_notification.desktop_notification:Sending desktop notification using 'notify2'
[4.045s] DEBUG:colcon.colcon_core.event_reactor:joined thread
[4.045s] INFO:colcon.colcon_core.shell:Creating prefix script '/home/ak/cep_ws/install/local_setup.ps1'
[4.048s] INFO:colcon.colcon_core.shell:Creating prefix util module '/home/ak/cep_ws/install/_local_setup_util_ps1.py'
[4.051s] INFO:colcon.colcon_core.shell:Creating prefix chain script '/home/ak/cep_ws/install/setup.ps1'
[4.055s] INFO:colcon.colcon_core.shell:Creating prefix script '/home/ak/cep_ws/install/local_setup.sh'
[4.057s] INFO:colcon.colcon_core.shell:Creating prefix util module '/home/ak/cep_ws/install/_local_setup_util_sh.py'
[4.059s] INFO:colcon.colcon_core.shell:Creating prefix chain script '/home/ak/cep_ws/install/setup.sh'
[4.063s] INFO:colcon.colcon_core.shell:Creating prefix script '/home/ak/cep_ws/install/local_setup.bash'
[4.064s] INFO:colcon.colcon_core.shell:Creating prefix chain script '/home/ak/cep_ws/install/setup.bash'
[4.068s] INFO:colcon.colcon_core.shell:Creating prefix script '/home/ak/cep_ws/install/local_setup.zsh'
[4.069s] INFO:colcon.colcon_core.shell:Creating prefix chain script '/home/ak/cep_ws/install/setup.zsh'
